13:44:45 | hitl_enforcer | APPROVAL_REQUESTED | action=email_send file=ACTION_email_send_20260220_134445.md priority=medium expires=2026-02-21 13:44 source=hitl_enforcer_demo
13:48:25 | hitl_enforcer | ACTION_EXECUTED | file=ACTION_email_send_20260220_134445.md result=mcp_ready — email queued for send_email tool invocation
13:48:25 | approval_loop | SCAN_CYCLE | approved=1 rejected=0 expired=0 pending=0
13:59:58 | vault_processor | ORCHESTRATOR_CYCLE | scanned=0 moved=0
21:13:39 | gmail_watcher | START | poll_interval=120
21:14:22 | whatsapp_watcher | START | poll_interval=30
21:16:17 | whatsapp_watcher | ERROR | see log for traceback
21:16:47 | whatsapp_watcher | ERROR | see log for traceback
21:17:17 | whatsapp_watcher | ERROR | see log for traceback
21:17:48 | whatsapp_watcher | ERROR | see log for traceback
21:18:18 | whatsapp_watcher | ERROR | see log for traceback
21:18:49 | whatsapp_watcher | ERROR | see log for traceback
21:19:19 | whatsapp_watcher | ERROR | see log for traceback
21:19:50 | whatsapp_watcher | ERROR | see log for traceback
21:20:20 | whatsapp_watcher | ERROR | see log for traceback
21:20:50 | whatsapp_watcher | ERROR | see log for traceback
21:21:20 | whatsapp_watcher | ERROR | see log for traceback
21:21:50 | whatsapp_watcher | ERROR | see log for traceback
21:22:20 | whatsapp_watcher | ERROR | see log for traceback
21:22:51 | whatsapp_watcher | ERROR | see log for traceback
21:23:22 | whatsapp_watcher | ERROR | see log for traceback
21:23:52 | whatsapp_watcher | ERROR | see log for traceback
21:24:22 | whatsapp_watcher | ERROR | see log for traceback
21:24:53 | whatsapp_watcher | ERROR | see log for traceback
21:25:23 | whatsapp_watcher | ERROR | see log for traceback
21:25:53 | whatsapp_watcher | ERROR | see log for traceback
21:26:23 | whatsapp_watcher | ERROR | see log for traceback
21:26:54 | whatsapp_watcher | ERROR | see log for traceback
21:27:25 | whatsapp_watcher | ERROR | see log for traceback
21:27:56 | whatsapp_watcher | ERROR | see log for traceback
21:28:26 | whatsapp_watcher | ERROR | see log for traceback
21:28:56 | whatsapp_watcher | ERROR | see log for traceback
21:29:26 | whatsapp_watcher | ERROR | see log for traceback
21:29:57 | whatsapp_watcher | ERROR | see log for traceback
21:30:28 | whatsapp_watcher | ERROR | see log for traceback
21:30:58 | whatsapp_watcher | ERROR | see log for traceback
21:31:28 | whatsapp_watcher | ERROR | see log for traceback
21:31:58 | whatsapp_watcher | ERROR | see log for traceback
21:32:29 | whatsapp_watcher | ERROR | see log for traceback
21:32:59 | whatsapp_watcher | ERROR | see log for traceback
21:33:29 | whatsapp_watcher | ERROR | see log for traceback
21:33:59 | whatsapp_watcher | ERROR | see log for traceback
21:34:29 | whatsapp_watcher | ERROR | see log for traceback
21:34:59 | whatsapp_watcher | ERROR | see log for traceback
21:35:29 | whatsapp_watcher | ERROR | see log for traceback
21:36:00 | whatsapp_watcher | ERROR | see log for traceback
21:36:30 | whatsapp_watcher | ERROR | see log for traceback
21:37:00 | whatsapp_watcher | ERROR | see log for traceback
21:37:30 | whatsapp_watcher | ERROR | see log for traceback
21:38:00 | whatsapp_watcher | ERROR | see log for traceback
21:38:31 | whatsapp_watcher | ERROR | see log for traceback
21:39:01 | whatsapp_watcher | ERROR | see log for traceback
21:39:31 | whatsapp_watcher | ERROR | see log for traceback
21:40:01 | whatsapp_watcher | ERROR | see log for traceback
21:40:31 | whatsapp_watcher | ERROR | see log for traceback
21:41:01 | whatsapp_watcher | ERROR | see log for traceback
21:41:31 | whatsapp_watcher | ERROR | see log for traceback
21:42:02 | whatsapp_watcher | ERROR | see log for traceback
21:42:32 | whatsapp_watcher | ERROR | see log for traceback
21:43:02 | whatsapp_watcher | ERROR | see log for traceback
21:43:32 | whatsapp_watcher | ERROR | see log for traceback
21:43:59 | whatsapp_watcher | START | poll_interval=30
21:44:02 | whatsapp_watcher | ERROR | see log for traceback
21:44:33 | whatsapp_watcher | ERROR | see log for traceback
21:45:03 | whatsapp_watcher | ERROR | see log for traceback
21:45:33 | whatsapp_watcher | ERROR | see log for traceback
21:46:03 | whatsapp_watcher | ERROR | see log for traceback
21:46:33 | whatsapp_watcher | ERROR | see log for traceback
21:47:03 | whatsapp_watcher | ERROR | see log for traceback
21:47:33 | whatsapp_watcher | ERROR | see log for traceback
21:48:03 | whatsapp_watcher | ERROR | see log for traceback
21:48:33 | whatsapp_watcher | ERROR | see log for traceback
21:49:04 | whatsapp_watcher | ERROR | see log for traceback
21:49:34 | whatsapp_watcher | ERROR | see log for traceback
21:50:04 | whatsapp_watcher | ERROR | see log for traceback
21:50:34 | whatsapp_watcher | ERROR | see log for traceback
21:51:04 | whatsapp_watcher | ERROR | see log for traceback
21:51:35 | whatsapp_watcher | ERROR | see log for traceback
21:52:05 | whatsapp_watcher | ERROR | see log for traceback
21:52:36 | whatsapp_watcher | ERROR | see log for traceback
21:53:06 | whatsapp_watcher | ERROR | see log for traceback
