2026-02-18 21:06:00,997 [gmail_watcher] INFO: Running single check …
2026-02-18 21:06:00,997 [gmail_watcher] ERROR: credentials.json not found at D:\Hackathon-0\credentials.json — see SKILL_gmail_watcher.md
2026-02-18 21:50:25,094 [gmail_watcher] INFO: Starting gmail_watcher (poll every 120s)
2026-02-18 21:50:25,094 [gmail_watcher] ERROR: credentials.json not found at D:\Hackathon-0\credentials.json — see SKILL_gmail_watcher.md
2026-02-18 21:56:08,806 [gmail_watcher] INFO: Running in DEMO mode (no Google credentials needed)
2026-02-18 21:56:08,853 [gmail_watcher] INFO: Created note: 20260218_2156_Email_Project_deadline_moved_to_Friday.md
2026-02-18 21:56:08,962 [gmail_watcher] INFO: Created note: 20260218_2156_Email_Your_AWS_bill_is_ready.md
2026-02-18 21:56:08,962 [gmail_watcher] INFO: Demo done. 2 note(s) created.
2026-02-18 21:59:03,851 [gmail_watcher] INFO: Running in DEMO mode (no Google credentials needed)
2026-02-18 21:59:03,867 [gmail_watcher] INFO: Skipping duplicate: demo_001
2026-02-18 21:59:03,867 [gmail_watcher] INFO: Skipping duplicate: demo_002
2026-02-18 21:59:03,867 [gmail_watcher] INFO: Demo done. 0 note(s) created.
2026-02-18 22:02:56,540 [gmail_watcher] INFO: Running single check ...
2026-02-18 22:02:56,543 [gmail_watcher] ERROR: credentials.json not found at D:\Hackathon-0\credentials.json — see SKILL_gmail_watcher.md
2026-02-18 22:46:12,415 [gmail_watcher] INFO: Running single check ...
2026-02-18 22:46:12,415 [gmail_watcher] ERROR: credentials.json not found at D:\Hackathon-0\credentials.json
2026-02-18 22:46:12,415 [gmail_watcher] ERROR: 
2026-02-18 22:46:12,415 [gmail_watcher] ERROR: === HOW TO FIX ===
2026-02-18 22:46:12,415 [gmail_watcher] ERROR: Option A: Run with --demo flag (no Google account needed):
2026-02-18 22:46:12,431 [gmail_watcher] ERROR:     python gmail_watcher.py --demo
2026-02-18 22:46:12,431 [gmail_watcher] ERROR: 
2026-02-18 22:46:12,431 [gmail_watcher] ERROR: Option B: Set up real Gmail credentials:
2026-02-18 22:46:12,431 [gmail_watcher] ERROR:   1. Go to https://console.cloud.google.com/
2026-02-18 22:46:12,431 [gmail_watcher] ERROR:   2. Enable Gmail API
2026-02-18 22:46:12,431 [gmail_watcher] ERROR:   3. Create OAuth 2.0 Desktop credentials
2026-02-18 22:46:12,431 [gmail_watcher] ERROR:   4. Download JSON -> save as D:\Hackathon-0\credentials.json
2026-02-18 22:46:12,431 [gmail_watcher] ERROR:   5. Full guide: Skills/SKILL_gmail_watcher.md
2026-02-18 22:46:52,288 [gmail_watcher] INFO: Running in DEMO mode (no Google credentials needed)
2026-02-18 22:46:52,304 [gmail_watcher] INFO: Skipping duplicate: demo_001
2026-02-18 22:46:52,304 [gmail_watcher] INFO: Skipping duplicate: demo_002
2026-02-18 22:46:52,304 [gmail_watcher] INFO: Demo done. 0 note(s) created.
2026-02-18 22:47:55,416 [gmail_watcher] INFO: Running in DEMO mode (no Google credentials needed)
2026-02-18 22:47:55,416 [gmail_watcher] INFO: Skipping duplicate: demo_001
2026-02-18 22:47:55,432 [gmail_watcher] INFO: Skipping duplicate: demo_002
2026-02-18 22:47:55,432 [gmail_watcher] INFO: Demo done. 0 note(s) created.
2026-02-19 19:59:35,415 [gmail_watcher] INFO: Running single check ...
2026-02-19 19:59:35,415 [gmail_watcher] ERROR: credentials.json not found at D:\Hackathon-0\credentials.json
2026-02-19 19:59:35,415 [gmail_watcher] ERROR: 
2026-02-19 19:59:35,415 [gmail_watcher] ERROR: === HOW TO FIX ===
2026-02-19 19:59:35,415 [gmail_watcher] ERROR: Option A: Run with --demo flag (no Google account needed):
2026-02-19 19:59:35,415 [gmail_watcher] ERROR:     python gmail_watcher.py --demo
2026-02-19 19:59:35,431 [gmail_watcher] ERROR: 
2026-02-19 19:59:35,431 [gmail_watcher] ERROR: Option B: Set up real Gmail credentials:
2026-02-19 19:59:35,431 [gmail_watcher] ERROR:   1. Go to https://console.cloud.google.com/
2026-02-19 19:59:35,431 [gmail_watcher] ERROR:   2. Enable Gmail API
2026-02-19 19:59:35,431 [gmail_watcher] ERROR:   3. Create OAuth 2.0 Desktop credentials
2026-02-19 19:59:35,431 [gmail_watcher] ERROR:   4. Download JSON -> save as D:\Hackathon-0\credentials.json
2026-02-19 19:59:35,431 [gmail_watcher] ERROR:   5. Full guide: Skills/SKILL_gmail_watcher.md
2026-02-19 21:35:28,555 [gmail_watcher] INFO: Running in DEMO mode (no Google credentials needed)
2026-02-19 21:35:29,446 [gmail_watcher] INFO: Created action file: EMAIL_gmail_demo_001.md
2026-02-19 21:35:29,607 [gmail_watcher] INFO: Created action file: EMAIL_gmail_demo_002.md
2026-02-19 21:35:29,756 [gmail_watcher] INFO: Created action file: EMAIL_gmail_demo_003.md
2026-02-19 21:35:29,762 [gmail_watcher] INFO: Demo done. 3 action file(s) created.
2026-02-20 21:13:39,047 [gmail_watcher] INFO: Starting continuous Gmail watcher (poll every 120s, query: is:unread is:important)
2026-02-20 21:13:39,057 [gmail_watcher] ERROR: credentials.json not found at D:\Hackathon-0\credentials.json
2026-02-20 21:13:39,059 [gmail_watcher] ERROR: 
2026-02-20 21:13:39,060 [gmail_watcher] ERROR: === HOW TO FIX ===
2026-02-20 21:13:39,062 [gmail_watcher] ERROR: Option A: Run with --demo flag (no Google account needed):
2026-02-20 21:13:39,063 [gmail_watcher] ERROR:     python gmail_watcher.py --demo
2026-02-20 21:13:39,064 [gmail_watcher] ERROR: 
2026-02-20 21:13:39,066 [gmail_watcher] ERROR: Option B: Set up real Gmail credentials:
2026-02-20 21:13:39,067 [gmail_watcher] ERROR:   1. Go to https://console.cloud.google.com/
2026-02-20 21:13:39,069 [gmail_watcher] ERROR:   2. Enable Gmail API
2026-02-20 21:13:39,070 [gmail_watcher] ERROR:   3. Create OAuth 2.0 Desktop credentials
2026-02-20 21:13:39,072 [gmail_watcher] ERROR:   4. Download JSON -> save as D:\Hackathon-0\credentials.json
2026-02-20 21:13:39,074 [gmail_watcher] ERROR:   5. Full guide: Skills/SKILL_gmail_watcher.md
2026-02-23 20:20:28,443 [gmail_watcher] INFO: Starting continuous Gmail watcher (poll every 120s, query: is:unread is:important)
2026-02-23 20:20:28,459 [gmail_watcher] ERROR: credentials.json not found at D:\Hackathon-0\credentials.json
2026-02-23 20:20:28,459 [gmail_watcher] ERROR: 
2026-02-23 20:20:28,459 [gmail_watcher] ERROR: === HOW TO FIX ===
2026-02-23 20:20:28,459 [gmail_watcher] ERROR: Option A: Run with --demo flag (no Google account needed):
2026-02-23 20:20:28,459 [gmail_watcher] ERROR:     python gmail_watcher.py --demo
2026-02-23 20:20:28,459 [gmail_watcher] ERROR: 
2026-02-23 20:20:28,459 [gmail_watcher] ERROR: Option B: Set up real Gmail credentials:
2026-02-23 20:20:28,459 [gmail_watcher] ERROR:   1. Go to https://console.cloud.google.com/
2026-02-23 20:20:28,459 [gmail_watcher] ERROR:   2. Enable Gmail API
2026-02-23 20:20:28,459 [gmail_watcher] ERROR:   3. Create OAuth 2.0 Desktop credentials
2026-02-23 20:20:28,475 [gmail_watcher] ERROR:   4. Download JSON -> save as D:\Hackathon-0\credentials.json
2026-02-23 20:20:28,475 [gmail_watcher] ERROR:   5. Full guide: Skills/SKILL_gmail_watcher.md
2026-02-25 20:46:25,735 [gmail_watcher] INFO: Starting continuous Gmail watcher (poll every 120s, query: is:unread is:important)
2026-02-25 20:46:25,769 [gmail_watcher] ERROR: credentials.json not found at D:\Hackathon-0\credentials.json
2026-02-25 20:46:25,769 [gmail_watcher] ERROR: 
2026-02-25 20:46:25,769 [gmail_watcher] ERROR: === HOW TO FIX ===
2026-02-25 20:46:25,769 [gmail_watcher] ERROR: Option A: Run with --demo flag (no Google account needed):
2026-02-25 20:46:25,794 [gmail_watcher] ERROR:     python gmail_watcher.py --demo
2026-02-25 20:46:25,797 [gmail_watcher] ERROR: 
2026-02-25 20:46:25,798 [gmail_watcher] ERROR: Option B: Set up real Gmail credentials:
2026-02-25 20:46:25,907 [gmail_watcher] ERROR:   1. Go to https://console.cloud.google.com/
2026-02-25 20:46:26,044 [gmail_watcher] ERROR:   2. Enable Gmail API
2026-02-25 20:46:26,106 [gmail_watcher] ERROR:   3. Create OAuth 2.0 Desktop credentials
2026-02-25 20:46:26,141 [gmail_watcher] ERROR:   4. Download JSON -> save as D:\Hackathon-0\credentials.json
2026-02-25 20:46:26,294 [gmail_watcher] ERROR:   5. Full guide: Skills/SKILL_gmail_watcher.md
2026-02-25 20:57:37,435 [gmail_watcher] INFO: Starting continuous Gmail watcher (poll every 120s, query: is:unread is:important)
2026-02-25 20:57:37,450 [gmail_watcher] INFO: Running OAuth consent flow (browser will open) ...
2026-02-25 21:15:44,594 [gmail_watcher] INFO: Starting continuous Gmail watcher (poll every 120s, query: is:unread is:important)
2026-02-25 21:15:44,625 [gmail_watcher] INFO: Running OAuth consent flow (browser will open) ...
2026-02-25 21:23:00,665 [gmail_watcher] ERROR: Error during check cycle
Traceback (most recent call last):
  File "D:\Hackathon-0\watchers\gmail_watcher.py", line 522, in main
    items = watcher.check()
            ^^^^^^^^^^^^^^^
  File "D:\Hackathon-0\watchers\gmail_watcher.py", line 251, in check
    service = self._get_service()
              ^^^^^^^^^^^^^^^^^^^
  File "D:\Hackathon-0\watchers\gmail_watcher.py", line 146, in _get_service
    creds = self._authenticate()
            ^^^^^^^^^^^^^^^^^^^^
  File "D:\Hackathon-0\watchers\gmail_watcher.py", line 135, in _authenticate
    creds = flow.run_local_server(port=0)
            ^^^^^^^^^^^^^^^^^^^^^^^^^^^^^
  File "C:\Users\Boss\AppData\Roaming\Python\Python312\site-packages\google_auth_oauthlib\flow.py", line 457, in run_local_server
    authorization_response = wsgi_app.last_request_uri.replace("http", "https")
                             ^^^^^^^^^^^^^^^^^^^^^^^^^^^^^^^^^
AttributeError: 'NoneType' object has no attribute 'replace'
2026-02-25 21:25:01,357 [gmail_watcher] INFO: Running OAuth consent flow (browser will open) ...
2026-02-25 21:28:48,320 [google_auth_oauthlib.flow] INFO: "GET /?error=access_denied&state=iVXmEKpNZPRUk45PgPVkntdRsUM3Wn HTTP/1.1" 200 65
2026-02-25 21:28:48,329 [gmail_watcher] ERROR: Error during check cycle
Traceback (most recent call last):
  File "D:\Hackathon-0\watchers\gmail_watcher.py", line 522, in main
    items = watcher.check()
            ^^^^^^^^^^^^^^^
  File "D:\Hackathon-0\watchers\gmail_watcher.py", line 251, in check
    service = self._get_service()
              ^^^^^^^^^^^^^^^^^^^
  File "D:\Hackathon-0\watchers\gmail_watcher.py", line 146, in _get_service
    creds = self._authenticate()
            ^^^^^^^^^^^^^^^^^^^^
  File "D:\Hackathon-0\watchers\gmail_watcher.py", line 135, in _authenticate
    creds = flow.run_local_server(port=0)
            ^^^^^^^^^^^^^^^^^^^^^^^^^^^^^
  File "C:\Users\Boss\AppData\Roaming\Python\Python312\site-packages\google_auth_oauthlib\flow.py", line 458, in run_local_server
    self.fetch_token(
  File "C:\Users\Boss\AppData\Roaming\Python\Python312\site-packages\google_auth_oauthlib\flow.py", line 285, in fetch_token
    return self.oauth2session.fetch_token(self.client_config["token_uri"], **kwargs)
           ^^^^^^^^^^^^^^^^^^^^^^^^^^^^^^^^^^^^^^^^^^^^^^^^^^^^^^^^^^^^^^^^^^^^^^^^^
  File "C:\Users\Boss\AppData\Roaming\Python\Python312\site-packages\requests_oauthlib\oauth2_session.py", line 271, in fetch_token
    self._client.parse_request_uri_response(
  File "C:\Users\Boss\AppData\Roaming\Python\Python312\site-packages\oauthlib\oauth2\rfc6749\clients\web_application.py", line 220, in parse_request_uri_response
    response = parse_authorization_code_response(uri, state=state)
               ^^^^^^^^^^^^^^^^^^^^^^^^^^^^^^^^^^^^^^^^^^^^^^^^^^^
  File "C:\Users\Boss\AppData\Roaming\Python\Python312\site-packages\oauthlib\oauth2\rfc6749\parameters.py", line 280, in parse_authorization_code_response
    raise_from_error(params.get('error'), params)
  File "C:\Users\Boss\AppData\Roaming\Python\Python312\site-packages\oauthlib\oauth2\rfc6749\errors.py", line 398, in raise_from_error
    raise cls(**kwargs)
oauthlib.oauth2.rfc6749.errors.AccessDeniedError: (access_denied) 
2026-02-25 21:30:28,426 [gmail_watcher] INFO: Starting continuous Gmail watcher (poll every 120s, query: is:unread is:important)
2026-02-25 21:30:28,426 [gmail_watcher] INFO: Running OAuth consent flow (browser will open) ...
2026-02-25 21:31:03,606 [google_auth_oauthlib.flow] INFO: "GET /?state=n02Cb7IBcWfDyDKJkMUziwS5EsFiBM&iss=https://accounts.google.com&code=4/0AfrIepAJkadWBamPvyC4cNzLjkaBeRuPsOTmndjWdb3XvKU5PvIYIfRa38pu270YEFO1vQ&scope=https://www.googleapis.com/auth/gmail.readonly HTTP/1.1" 200 65
2026-02-25 21:31:12,407 [gmail_watcher] INFO: Token saved to D:\Hackathon-0\token.json
2026-02-25 21:31:12,925 [googleapiclient.discovery_cache] INFO: file_cache is only supported with oauth2client<4.0.0
2026-02-25 21:31:14,237 [gmail_watcher] INFO: Querying Gmail: is:unread is:important
2026-02-25 21:31:22,235 [gmail_watcher] INFO: Found 10 message(s) to process.
2026-02-25 21:31:26,478 [gmail_watcher] INFO: Created action file: EMAIL_gmail_19c8b13f770bb700.md
2026-02-25 21:31:26,649 [gmail_watcher] INFO: Created action file: EMAIL_gmail_19c71524b007889e.md
2026-02-25 21:31:26,820 [gmail_watcher] INFO: Created action file: EMAIL_gmail_19c52a8e323a7a8f.md
2026-02-25 21:31:27,013 [gmail_watcher] INFO: Created action file: EMAIL_gmail_19bf5f7cfbe2f8eb.md
2026-02-25 21:31:27,262 [gmail_watcher] INFO: Created action file: EMAIL_gmail_19bf5f6c95c04163.md
2026-02-25 21:31:27,401 [gmail_watcher] INFO: Created action file: EMAIL_gmail_19bf5f5aa16cd2d0.md
2026-02-25 21:31:27,609 [gmail_watcher] INFO: Created action file: EMAIL_gmail_19bacc6fff17f15d.md
2026-02-25 21:31:27,806 [gmail_watcher] INFO: Created action file: EMAIL_gmail_19b520e2a18a3eb4.md
2026-02-25 21:31:28,013 [gmail_watcher] INFO: Created action file: EMAIL_gmail_19b2da8a62971ea9.md
2026-02-25 21:31:28,267 [gmail_watcher] INFO: Created action file: EMAIL_gmail_19a3bac8a6c3b5c9.md
2026-02-25 21:33:28,304 [gmail_watcher] INFO: Querying Gmail: is:unread is:important
2026-02-25 21:33:28,788 [gmail_watcher] INFO: Found 10 message(s) to process.
2026-02-25 21:33:29,151 [gmail_watcher] INFO: Created action file: EMAIL_gmail_199b5aeef884d75d.md
2026-02-25 21:35:29,155 [gmail_watcher] INFO: Querying Gmail: is:unread is:important
2026-02-25 21:35:29,375 [gmail_watcher] INFO: Found 10 message(s) to process.
2026-02-25 21:35:29,755 [gmail_watcher] INFO: Created action file: EMAIL_gmail_19c95a67fd3edd57.md
2026-02-25 21:37:29,768 [gmail_watcher] INFO: Querying Gmail: is:unread is:important
2026-02-25 21:37:30,788 [gmail_watcher] INFO: Found 10 message(s) to process.
2026-02-25 21:39:30,801 [gmail_watcher] INFO: Querying Gmail: is:unread is:important
2026-02-25 21:39:31,029 [gmail_watcher] INFO: Found 10 message(s) to process.
2026-02-25 21:41:31,025 [gmail_watcher] INFO: Querying Gmail: is:unread is:important
2026-02-25 21:41:31,547 [gmail_watcher] INFO: Found 10 message(s) to process.
2026-02-25 21:43:31,559 [gmail_watcher] INFO: Querying Gmail: is:unread is:important
2026-02-25 21:43:31,773 [gmail_watcher] INFO: Found 10 message(s) to process.
2026-02-25 21:45:31,771 [gmail_watcher] INFO: Querying Gmail: is:unread is:important
2026-02-25 21:45:32,374 [gmail_watcher] INFO: Found 10 message(s) to process.
2026-02-25 21:47:32,388 [gmail_watcher] INFO: Querying Gmail: is:unread is:important
2026-02-25 21:47:33,008 [gmail_watcher] INFO: Found 10 message(s) to process.
2026-02-25 21:49:33,009 [gmail_watcher] INFO: Querying Gmail: is:unread is:important
2026-02-25 21:49:33,626 [gmail_watcher] INFO: Found 10 message(s) to process.
2026-02-25 21:51:33,626 [gmail_watcher] INFO: Querying Gmail: is:unread is:important
2026-02-25 21:51:34,073 [gmail_watcher] INFO: Found 10 message(s) to process.
2026-02-25 21:53:34,074 [gmail_watcher] INFO: Querying Gmail: is:unread is:important
2026-02-25 21:53:34,508 [gmail_watcher] INFO: Found 10 message(s) to process.
2026-02-25 21:55:34,506 [gmail_watcher] INFO: Querying Gmail: is:unread is:important
2026-02-25 21:55:35,216 [gmail_watcher] INFO: Found 10 message(s) to process.
2026-02-25 21:57:35,241 [gmail_watcher] INFO: Querying Gmail: is:unread is:important
2026-02-25 21:57:35,691 [gmail_watcher] INFO: Found 10 message(s) to process.
2026-02-25 21:59:35,704 [gmail_watcher] INFO: Querying Gmail: is:unread is:important
2026-02-25 21:59:36,765 [gmail_watcher] INFO: Found 10 message(s) to process.
2026-02-25 22:01:36,947 [gmail_watcher] INFO: Querying Gmail: is:unread is:important
2026-02-25 22:01:37,913 [gmail_watcher] INFO: Found 10 message(s) to process.
2026-02-25 22:03:38,053 [gmail_watcher] INFO: Querying Gmail: is:unread is:important
2026-02-25 22:03:38,928 [gmail_watcher] INFO: Found 10 message(s) to process.
2026-02-25 22:05:39,048 [gmail_watcher] INFO: Querying Gmail: is:unread is:important
2026-02-25 22:05:39,268 [gmail_watcher] INFO: Found 10 message(s) to process.
2026-02-25 22:07:39,268 [gmail_watcher] INFO: Querying Gmail: is:unread is:important
2026-02-25 22:07:39,479 [gmail_watcher] INFO: Found 10 message(s) to process.
2026-02-25 22:09:39,480 [gmail_watcher] INFO: Querying Gmail: is:unread is:important
2026-02-25 22:09:39,931 [gmail_watcher] INFO: Found 10 message(s) to process.
2026-02-25 22:11:39,985 [gmail_watcher] INFO: Querying Gmail: is:unread is:important
2026-02-25 22:11:40,184 [gmail_watcher] INFO: Found 10 message(s) to process.
2026-02-25 22:13:40,193 [gmail_watcher] INFO: Querying Gmail: is:unread is:important
2026-02-25 22:13:40,408 [gmail_watcher] INFO: Found 10 message(s) to process.
2026-02-25 22:15:40,410 [gmail_watcher] INFO: Querying Gmail: is:unread is:important
2026-02-25 22:15:40,623 [gmail_watcher] INFO: Found 10 message(s) to process.
2026-02-25 22:17:40,635 [gmail_watcher] INFO: Querying Gmail: is:unread is:important
2026-02-25 22:17:40,867 [gmail_watcher] INFO: Found 10 message(s) to process.
2026-02-25 22:19:40,871 [gmail_watcher] INFO: Querying Gmail: is:unread is:important
2026-02-25 22:19:41,097 [gmail_watcher] INFO: Found 10 message(s) to process.
2026-02-25 22:21:41,114 [gmail_watcher] INFO: Querying Gmail: is:unread is:important
2026-02-25 22:21:41,352 [gmail_watcher] INFO: Found 10 message(s) to process.
2026-02-25 22:23:41,352 [gmail_watcher] INFO: Querying Gmail: is:unread is:important
2026-02-25 22:23:41,803 [gmail_watcher] INFO: Found 10 message(s) to process.
2026-02-25 22:25:41,807 [gmail_watcher] INFO: Querying Gmail: is:unread is:important
2026-02-25 22:25:42,045 [gmail_watcher] INFO: Found 10 message(s) to process.
2026-02-25 22:43:57,281 [gmail_watcher] INFO: Querying Gmail: is:unread is:important
2026-02-25 22:43:59,548 [gmail_watcher] INFO: Found 10 message(s) to process.
2026-02-25 22:45:59,553 [gmail_watcher] INFO: Querying Gmail: is:unread is:important
2026-02-25 22:45:59,762 [gmail_watcher] INFO: Found 10 message(s) to process.
2026-02-25 22:47:59,766 [gmail_watcher] INFO: Querying Gmail: is:unread is:important
2026-02-25 22:47:59,984 [gmail_watcher] INFO: Found 10 message(s) to process.
2026-02-25 22:49:59,993 [gmail_watcher] INFO: Querying Gmail: is:unread is:important
2026-02-25 22:50:00,205 [gmail_watcher] INFO: Found 10 message(s) to process.
2026-02-25 22:52:00,217 [gmail_watcher] INFO: Querying Gmail: is:unread is:important
2026-02-25 22:52:00,422 [gmail_watcher] INFO: Found 10 message(s) to process.
2026-02-25 22:54:00,429 [gmail_watcher] INFO: Querying Gmail: is:unread is:important
2026-02-25 22:54:00,653 [gmail_watcher] INFO: Found 10 message(s) to process.
2026-02-25 22:56:00,661 [gmail_watcher] INFO: Querying Gmail: is:unread is:important
2026-02-25 22:56:00,898 [gmail_watcher] INFO: Found 10 message(s) to process.
2026-02-25 22:58:00,910 [gmail_watcher] INFO: Querying Gmail: is:unread is:important
2026-02-25 22:58:01,318 [gmail_watcher] INFO: Found 10 message(s) to process.
2026-02-26 20:55:30,671 [gmail_watcher] INFO: Starting continuous Gmail watcher (poll every 120s, query: is:unread is:important)
2026-02-26 20:55:30,813 [gmail_watcher] INFO: Refreshing expired token ...
2026-02-26 20:55:43,341 [gmail_watcher] ERROR: Error during check cycle
Traceback (most recent call last):
  File "C:\Users\Boss\AppData\Roaming\Python\Python312\site-packages\urllib3\connectionpool.py", line 787, in urlopen
    response = self._make_request(
               ^^^^^^^^^^^^^^^^^^^
  File "C:\Users\Boss\AppData\Roaming\Python\Python312\site-packages\urllib3\connectionpool.py", line 534, in _make_request
    response = conn.getresponse()
               ^^^^^^^^^^^^^^^^^^
  File "C:\Users\Boss\AppData\Roaming\Python\Python312\site-packages\urllib3\connection.py", line 571, in getresponse
    httplib_response = super().getresponse()
                       ^^^^^^^^^^^^^^^^^^^^^
  File "C:\Program Files\Python312\Lib\http\client.py", line 1430, in getresponse
    response.begin()
  File "C:\Program Files\Python312\Lib\http\client.py", line 331, in begin
    version, status, reason = self._read_status()
                              ^^^^^^^^^^^^^^^^^^^
  File "C:\Program Files\Python312\Lib\http\client.py", line 300, in _read_status
    raise RemoteDisconnected("Remote end closed connection without"
http.client.RemoteDisconnected: Remote end closed connection without response

During handling of the above exception, another exception occurred:

Traceback (most recent call last):
  File "C:\Users\Boss\AppData\Roaming\Python\Python312\site-packages\requests\adapters.py", line 644, in send
    resp = conn.urlopen(
           ^^^^^^^^^^^^^
  File "C:\Users\Boss\AppData\Roaming\Python\Python312\site-packages\urllib3\connectionpool.py", line 841, in urlopen
    retries = retries.increment(
              ^^^^^^^^^^^^^^^^^^
  File "C:\Users\Boss\AppData\Roaming\Python\Python312\site-packages\urllib3\util\retry.py", line 474, in increment
    raise reraise(type(error), error, _stacktrace)
          ^^^^^^^^^^^^^^^^^^^^^^^^^^^^^^^^^^^^^^^^
  File "C:\Users\Boss\AppData\Roaming\Python\Python312\site-packages\urllib3\util\util.py", line 38, in reraise
    raise value.with_traceback(tb)
  File "C:\Users\Boss\AppData\Roaming\Python\Python312\site-packages\urllib3\connectionpool.py", line 787, in urlopen
    response = self._make_request(
               ^^^^^^^^^^^^^^^^^^^
  File "C:\Users\Boss\AppData\Roaming\Python\Python312\site-packages\urllib3\connectionpool.py", line 534, in _make_request
    response = conn.getresponse()
               ^^^^^^^^^^^^^^^^^^
  File "C:\Users\Boss\AppData\Roaming\Python\Python312\site-packages\urllib3\connection.py", line 571, in getresponse
    httplib_response = super().getresponse()
                       ^^^^^^^^^^^^^^^^^^^^^
  File "C:\Program Files\Python312\Lib\http\client.py", line 1430, in getresponse
    response.begin()
  File "C:\Program Files\Python312\Lib\http\client.py", line 331, in begin
    version, status, reason = self._read_status()
                              ^^^^^^^^^^^^^^^^^^^
  File "C:\Program Files\Python312\Lib\http\client.py", line 300, in _read_status
    raise RemoteDisconnected("Remote end closed connection without"
urllib3.exceptions.ProtocolError: ('Connection aborted.', RemoteDisconnected('Remote end closed connection without response'))

During handling of the above exception, another exception occurred:

Traceback (most recent call last):
  File "C:\Users\Boss\AppData\Roaming\Python\Python312\site-packages\google\auth\transport\requests.py", line 188, in __call__
    response = self.session.request(
               ^^^^^^^^^^^^^^^^^^^^^
  File "C:\Users\Boss\AppData\Roaming\Python\Python312\site-packages\requests\sessions.py", line 589, in request
    resp = self.send(prep, **send_kwargs)
           ^^^^^^^^^^^^^^^^^^^^^^^^^^^^^^
  File "C:\Users\Boss\AppData\Roaming\Python\Python312\site-packages\requests\sessions.py", line 703, in send
    r = adapter.send(request, **kwargs)
        ^^^^^^^^^^^^^^^^^^^^^^^^^^^^^^^
  File "C:\Users\Boss\AppData\Roaming\Python\Python312\site-packages\requests\adapters.py", line 659, in send
    raise ConnectionError(err, request=request)
requests.exceptions.ConnectionError: ('Connection aborted.', RemoteDisconnected('Remote end closed connection without response'))

The above exception was the direct cause of the following exception:

Traceback (most recent call last):
  File "D:\Hackathon-0\watchers\gmail_watcher.py", line 522, in main
    items = watcher.check()
            ^^^^^^^^^^^^^^^
  File "D:\Hackathon-0\watchers\gmail_watcher.py", line 251, in check
    service = self._get_service()
              ^^^^^^^^^^^^^^^^^^^
  File "D:\Hackathon-0\watchers\gmail_watcher.py", line 146, in _get_service
    creds = self._authenticate()
            ^^^^^^^^^^^^^^^^^^^^
  File "D:\Hackathon-0\watchers\gmail_watcher.py", line 113, in _authenticate
    creds.refresh(Request())
  File "C:\Users\Boss\AppData\Roaming\Python\Python312\site-packages\google\oauth2\credentials.py", line 412, in refresh
    ) = reauth.refresh_grant(
        ^^^^^^^^^^^^^^^^^^^^^
  File "C:\Users\Boss\AppData\Roaming\Python\Python312\site-packages\google\oauth2\reauth.py", line 337, in refresh_grant
    ) = _client._token_endpoint_request_no_throw(
        ^^^^^^^^^^^^^^^^^^^^^^^^^^^^^^^^^^^^^^^^^
  File "C:\Users\Boss\AppData\Roaming\Python\Python312\site-packages\google\oauth2\_client.py", line 192, in _token_endpoint_request_no_throw
    response = request(
               ^^^^^^^^
  File "C:\Users\Boss\AppData\Roaming\Python\Python312\site-packages\google\auth\transport\requests.py", line 195, in __call__
    raise new_exc from caught_exc
google.auth.exceptions.TransportError: ('Connection aborted.', RemoteDisconnected('Remote end closed connection without response'))
2026-02-26 20:57:45,624 [gmail_watcher] INFO: Refreshing expired token ...
2026-02-26 20:58:04,484 [gmail_watcher] ERROR: Error during check cycle
Traceback (most recent call last):
  File "C:\Users\Boss\AppData\Roaming\Python\Python312\site-packages\urllib3\connectionpool.py", line 464, in _make_request
    self._validate_conn(conn)
  File "C:\Users\Boss\AppData\Roaming\Python\Python312\site-packages\urllib3\connectionpool.py", line 1093, in _validate_conn
    conn.connect()
  File "C:\Users\Boss\AppData\Roaming\Python\Python312\site-packages\urllib3\connection.py", line 796, in connect
    sock_and_verified = _ssl_wrap_socket_and_match_hostname(
                        ^^^^^^^^^^^^^^^^^^^^^^^^^^^^^^^^^^^^
  File "C:\Users\Boss\AppData\Roaming\Python\Python312\site-packages\urllib3\connection.py", line 975, in _ssl_wrap_socket_and_match_hostname
    ssl_sock = ssl_wrap_socket(
               ^^^^^^^^^^^^^^^^
  File "C:\Users\Boss\AppData\Roaming\Python\Python312\site-packages\urllib3\util\ssl_.py", line 483, in ssl_wrap_socket
    ssl_sock = _ssl_wrap_socket_impl(sock, context, tls_in_tls, server_hostname)
               ^^^^^^^^^^^^^^^^^^^^^^^^^^^^^^^^^^^^^^^^^^^^^^^^^^^^^^^^^^^^^^^^^
  File "C:\Users\Boss\AppData\Roaming\Python\Python312\site-packages\urllib3\util\ssl_.py", line 527, in _ssl_wrap_socket_impl
    return ssl_context.wrap_socket(sock, server_hostname=server_hostname)
           ^^^^^^^^^^^^^^^^^^^^^^^^^^^^^^^^^^^^^^^^^^^^^^^^^^^^^^^^^^^^^^
  File "C:\Program Files\Python312\Lib\ssl.py", line 455, in wrap_socket
    return self.sslsocket_class._create(
           ^^^^^^^^^^^^^^^^^^^^^^^^^^^^^
  File "C:\Program Files\Python312\Lib\ssl.py", line 1041, in _create
    self.do_handshake()
  File "C:\Program Files\Python312\Lib\ssl.py", line 1319, in do_handshake
    self._sslobj.do_handshake()
ssl.SSLEOFError: [SSL: UNEXPECTED_EOF_WHILE_READING] EOF occurred in violation of protocol (_ssl.c:1010)

During handling of the above exception, another exception occurred:

Traceback (most recent call last):
  File "C:\Users\Boss\AppData\Roaming\Python\Python312\site-packages\urllib3\connectionpool.py", line 787, in urlopen
    response = self._make_request(
               ^^^^^^^^^^^^^^^^^^^
  File "C:\Users\Boss\AppData\Roaming\Python\Python312\site-packages\urllib3\connectionpool.py", line 488, in _make_request
    raise new_e
urllib3.exceptions.SSLError: [SSL: UNEXPECTED_EOF_WHILE_READING] EOF occurred in violation of protocol (_ssl.c:1010)

The above exception was the direct cause of the following exception:

Traceback (most recent call last):
  File "C:\Users\Boss\AppData\Roaming\Python\Python312\site-packages\requests\adapters.py", line 644, in send
    resp = conn.urlopen(
           ^^^^^^^^^^^^^
  File "C:\Users\Boss\AppData\Roaming\Python\Python312\site-packages\urllib3\connectionpool.py", line 841, in urlopen
    retries = retries.increment(
              ^^^^^^^^^^^^^^^^^^
  File "C:\Users\Boss\AppData\Roaming\Python\Python312\site-packages\urllib3\util\retry.py", line 519, in increment
    raise MaxRetryError(_pool, url, reason) from reason  # type: ignore[arg-type]
    ^^^^^^^^^^^^^^^^^^^^^^^^^^^^^^^^^^^^^^^^^^^^^^^^^^^
urllib3.exceptions.MaxRetryError: HTTPSConnectionPool(host='oauth2.googleapis.com', port=443): Max retries exceeded with url: /token (Caused by SSLError(SSLEOFError(8, '[SSL: UNEXPECTED_EOF_WHILE_READING] EOF occurred in violation of protocol (_ssl.c:1010)')))

During handling of the above exception, another exception occurred:

Traceback (most recent call last):
  File "C:\Users\Boss\AppData\Roaming\Python\Python312\site-packages\google\auth\transport\requests.py", line 188, in __call__
    response = self.session.request(
               ^^^^^^^^^^^^^^^^^^^^^
  File "C:\Users\Boss\AppData\Roaming\Python\Python312\site-packages\requests\sessions.py", line 589, in request
    resp = self.send(prep, **send_kwargs)
           ^^^^^^^^^^^^^^^^^^^^^^^^^^^^^^
  File "C:\Users\Boss\AppData\Roaming\Python\Python312\site-packages\requests\sessions.py", line 703, in send
    r = adapter.send(request, **kwargs)
        ^^^^^^^^^^^^^^^^^^^^^^^^^^^^^^^
  File "C:\Users\Boss\AppData\Roaming\Python\Python312\site-packages\requests\adapters.py", line 675, in send
    raise SSLError(e, request=request)
requests.exceptions.SSLError: HTTPSConnectionPool(host='oauth2.googleapis.com', port=443): Max retries exceeded with url: /token (Caused by SSLError(SSLEOFError(8, '[SSL: UNEXPECTED_EOF_WHILE_READING] EOF occurred in violation of protocol (_ssl.c:1010)')))

The above exception was the direct cause of the following exception:

Traceback (most recent call last):
  File "D:\Hackathon-0\watchers\gmail_watcher.py", line 522, in main
    items = watcher.check()
            ^^^^^^^^^^^^^^^
  File "D:\Hackathon-0\watchers\gmail_watcher.py", line 251, in check
    service = self._get_service()
              ^^^^^^^^^^^^^^^^^^^
  File "D:\Hackathon-0\watchers\gmail_watcher.py", line 146, in _get_service
    creds = self._authenticate()
            ^^^^^^^^^^^^^^^^^^^^
  File "D:\Hackathon-0\watchers\gmail_watcher.py", line 113, in _authenticate
    creds.refresh(Request())
  File "C:\Users\Boss\AppData\Roaming\Python\Python312\site-packages\google\oauth2\credentials.py", line 412, in refresh
    ) = reauth.refresh_grant(
        ^^^^^^^^^^^^^^^^^^^^^
  File "C:\Users\Boss\AppData\Roaming\Python\Python312\site-packages\google\oauth2\reauth.py", line 337, in refresh_grant
    ) = _client._token_endpoint_request_no_throw(
        ^^^^^^^^^^^^^^^^^^^^^^^^^^^^^^^^^^^^^^^^^
  File "C:\Users\Boss\AppData\Roaming\Python\Python312\site-packages\google\oauth2\_client.py", line 192, in _token_endpoint_request_no_throw
    response = request(
               ^^^^^^^^
  File "C:\Users\Boss\AppData\Roaming\Python\Python312\site-packages\google\auth\transport\requests.py", line 195, in __call__
    raise new_exc from caught_exc
google.auth.exceptions.TransportError: HTTPSConnectionPool(host='oauth2.googleapis.com', port=443): Max retries exceeded with url: /token (Caused by SSLError(SSLEOFError(8, '[SSL: UNEXPECTED_EOF_WHILE_READING] EOF occurred in violation of protocol (_ssl.c:1010)')))
2026-02-26 21:00:05,059 [gmail_watcher] INFO: Refreshing expired token ...
2026-02-26 21:00:15,887 [gmail_watcher] ERROR: Error during check cycle
Traceback (most recent call last):
  File "C:\Users\Boss\AppData\Roaming\Python\Python312\site-packages\urllib3\connectionpool.py", line 787, in urlopen
    response = self._make_request(
               ^^^^^^^^^^^^^^^^^^^
  File "C:\Users\Boss\AppData\Roaming\Python\Python312\site-packages\urllib3\connectionpool.py", line 534, in _make_request
    response = conn.getresponse()
               ^^^^^^^^^^^^^^^^^^
  File "C:\Users\Boss\AppData\Roaming\Python\Python312\site-packages\urllib3\connection.py", line 571, in getresponse
    httplib_response = super().getresponse()
                       ^^^^^^^^^^^^^^^^^^^^^
  File "C:\Program Files\Python312\Lib\http\client.py", line 1430, in getresponse
    response.begin()
  File "C:\Program Files\Python312\Lib\http\client.py", line 331, in begin
    version, status, reason = self._read_status()
                              ^^^^^^^^^^^^^^^^^^^
  File "C:\Program Files\Python312\Lib\http\client.py", line 300, in _read_status
    raise RemoteDisconnected("Remote end closed connection without"
http.client.RemoteDisconnected: Remote end closed connection without response

During handling of the above exception, another exception occurred:

Traceback (most recent call last):
  File "C:\Users\Boss\AppData\Roaming\Python\Python312\site-packages\requests\adapters.py", line 644, in send
    resp = conn.urlopen(
           ^^^^^^^^^^^^^
  File "C:\Users\Boss\AppData\Roaming\Python\Python312\site-packages\urllib3\connectionpool.py", line 841, in urlopen
    retries = retries.increment(
              ^^^^^^^^^^^^^^^^^^
  File "C:\Users\Boss\AppData\Roaming\Python\Python312\site-packages\urllib3\util\retry.py", line 474, in increment
    raise reraise(type(error), error, _stacktrace)
          ^^^^^^^^^^^^^^^^^^^^^^^^^^^^^^^^^^^^^^^^
  File "C:\Users\Boss\AppData\Roaming\Python\Python312\site-packages\urllib3\util\util.py", line 38, in reraise
    raise value.with_traceback(tb)
  File "C:\Users\Boss\AppData\Roaming\Python\Python312\site-packages\urllib3\connectionpool.py", line 787, in urlopen
    response = self._make_request(
               ^^^^^^^^^^^^^^^^^^^
  File "C:\Users\Boss\AppData\Roaming\Python\Python312\site-packages\urllib3\connectionpool.py", line 534, in _make_request
    response = conn.getresponse()
               ^^^^^^^^^^^^^^^^^^
  File "C:\Users\Boss\AppData\Roaming\Python\Python312\site-packages\urllib3\connection.py", line 571, in getresponse
    httplib_response = super().getresponse()
                       ^^^^^^^^^^^^^^^^^^^^^
  File "C:\Program Files\Python312\Lib\http\client.py", line 1430, in getresponse
    response.begin()
  File "C:\Program Files\Python312\Lib\http\client.py", line 331, in begin
    version, status, reason = self._read_status()
                              ^^^^^^^^^^^^^^^^^^^
  File "C:\Program Files\Python312\Lib\http\client.py", line 300, in _read_status
    raise RemoteDisconnected("Remote end closed connection without"
urllib3.exceptions.ProtocolError: ('Connection aborted.', RemoteDisconnected('Remote end closed connection without response'))

During handling of the above exception, another exception occurred:

Traceback (most recent call last):
  File "C:\Users\Boss\AppData\Roaming\Python\Python312\site-packages\google\auth\transport\requests.py", line 188, in __call__
    response = self.session.request(
               ^^^^^^^^^^^^^^^^^^^^^
  File "C:\Users\Boss\AppData\Roaming\Python\Python312\site-packages\requests\sessions.py", line 589, in request
    resp = self.send(prep, **send_kwargs)
           ^^^^^^^^^^^^^^^^^^^^^^^^^^^^^^
  File "C:\Users\Boss\AppData\Roaming\Python\Python312\site-packages\requests\sessions.py", line 703, in send
    r = adapter.send(request, **kwargs)
        ^^^^^^^^^^^^^^^^^^^^^^^^^^^^^^^
  File "C:\Users\Boss\AppData\Roaming\Python\Python312\site-packages\requests\adapters.py", line 659, in send
    raise ConnectionError(err, request=request)
requests.exceptions.ConnectionError: ('Connection aborted.', RemoteDisconnected('Remote end closed connection without response'))

The above exception was the direct cause of the following exception:

Traceback (most recent call last):
  File "D:\Hackathon-0\watchers\gmail_watcher.py", line 522, in main
    items = watcher.check()
            ^^^^^^^^^^^^^^^
  File "D:\Hackathon-0\watchers\gmail_watcher.py", line 251, in check
    service = self._get_service()
              ^^^^^^^^^^^^^^^^^^^
  File "D:\Hackathon-0\watchers\gmail_watcher.py", line 146, in _get_service
    creds = self._authenticate()
            ^^^^^^^^^^^^^^^^^^^^
  File "D:\Hackathon-0\watchers\gmail_watcher.py", line 113, in _authenticate
    creds.refresh(Request())
  File "C:\Users\Boss\AppData\Roaming\Python\Python312\site-packages\google\oauth2\credentials.py", line 412, in refresh
    ) = reauth.refresh_grant(
        ^^^^^^^^^^^^^^^^^^^^^
  File "C:\Users\Boss\AppData\Roaming\Python\Python312\site-packages\google\oauth2\reauth.py", line 337, in refresh_grant
    ) = _client._token_endpoint_request_no_throw(
        ^^^^^^^^^^^^^^^^^^^^^^^^^^^^^^^^^^^^^^^^^
  File "C:\Users\Boss\AppData\Roaming\Python\Python312\site-packages\google\oauth2\_client.py", line 192, in _token_endpoint_request_no_throw
    response = request(
               ^^^^^^^^
  File "C:\Users\Boss\AppData\Roaming\Python\Python312\site-packages\google\auth\transport\requests.py", line 195, in __call__
    raise new_exc from caught_exc
google.auth.exceptions.TransportError: ('Connection aborted.', RemoteDisconnected('Remote end closed connection without response'))
2026-02-26 21:02:15,960 [gmail_watcher] INFO: Refreshing expired token ...
2026-02-26 21:02:43,885 [gmail_watcher] ERROR: Error during check cycle
Traceback (most recent call last):
  File "C:\Users\Boss\AppData\Roaming\Python\Python312\site-packages\urllib3\connection.py", line 204, in _new_conn
    sock = connection.create_connection(
           ^^^^^^^^^^^^^^^^^^^^^^^^^^^^^
  File "C:\Users\Boss\AppData\Roaming\Python\Python312\site-packages\urllib3\util\connection.py", line 85, in create_connection
    raise err
  File "C:\Users\Boss\AppData\Roaming\Python\Python312\site-packages\urllib3\util\connection.py", line 73, in create_connection
    sock.connect(sa)
TimeoutError: [WinError 10060] A connection attempt failed because the connected party did not properly respond after a period of time, or established connection failed because connected host has failed to respond

The above exception was the direct cause of the following exception:

Traceback (most recent call last):
  File "C:\Users\Boss\AppData\Roaming\Python\Python312\site-packages\urllib3\connectionpool.py", line 787, in urlopen
    response = self._make_request(
               ^^^^^^^^^^^^^^^^^^^
  File "C:\Users\Boss\AppData\Roaming\Python\Python312\site-packages\urllib3\connectionpool.py", line 488, in _make_request
    raise new_e
  File "C:\Users\Boss\AppData\Roaming\Python\Python312\site-packages\urllib3\connectionpool.py", line 464, in _make_request
    self._validate_conn(conn)
  File "C:\Users\Boss\AppData\Roaming\Python\Python312\site-packages\urllib3\connectionpool.py", line 1093, in _validate_conn
    conn.connect()
  File "C:\Users\Boss\AppData\Roaming\Python\Python312\site-packages\urllib3\connection.py", line 759, in connect
    self.sock = sock = self._new_conn()
                       ^^^^^^^^^^^^^^^^
  File "C:\Users\Boss\AppData\Roaming\Python\Python312\site-packages\urllib3\connection.py", line 213, in _new_conn
    raise ConnectTimeoutError(
urllib3.exceptions.ConnectTimeoutError: (<HTTPSConnection(host='oauth2.googleapis.com', port=443) at 0x1f9e317b110>, 'Connection to oauth2.googleapis.com timed out. (connect timeout=120)')

The above exception was the direct cause of the following exception:

Traceback (most recent call last):
  File "C:\Users\Boss\AppData\Roaming\Python\Python312\site-packages\requests\adapters.py", line 644, in send
    resp = conn.urlopen(
           ^^^^^^^^^^^^^
  File "C:\Users\Boss\AppData\Roaming\Python\Python312\site-packages\urllib3\connectionpool.py", line 841, in urlopen
    retries = retries.increment(
              ^^^^^^^^^^^^^^^^^^
  File "C:\Users\Boss\AppData\Roaming\Python\Python312\site-packages\urllib3\util\retry.py", line 519, in increment
    raise MaxRetryError(_pool, url, reason) from reason  # type: ignore[arg-type]
    ^^^^^^^^^^^^^^^^^^^^^^^^^^^^^^^^^^^^^^^^^^^^^^^^^^^
urllib3.exceptions.MaxRetryError: HTTPSConnectionPool(host='oauth2.googleapis.com', port=443): Max retries exceeded with url: /token (Caused by ConnectTimeoutError(<HTTPSConnection(host='oauth2.googleapis.com', port=443) at 0x1f9e317b110>, 'Connection to oauth2.googleapis.com timed out. (connect timeout=120)'))

During handling of the above exception, another exception occurred:

Traceback (most recent call last):
  File "C:\Users\Boss\AppData\Roaming\Python\Python312\site-packages\google\auth\transport\requests.py", line 188, in __call__
    response = self.session.request(
               ^^^^^^^^^^^^^^^^^^^^^
  File "C:\Users\Boss\AppData\Roaming\Python\Python312\site-packages\requests\sessions.py", line 589, in request
    resp = self.send(prep, **send_kwargs)
           ^^^^^^^^^^^^^^^^^^^^^^^^^^^^^^
  File "C:\Users\Boss\AppData\Roaming\Python\Python312\site-packages\requests\sessions.py", line 703, in send
    r = adapter.send(request, **kwargs)
        ^^^^^^^^^^^^^^^^^^^^^^^^^^^^^^^
  File "C:\Users\Boss\AppData\Roaming\Python\Python312\site-packages\requests\adapters.py", line 665, in send
    raise ConnectTimeout(e, request=request)
requests.exceptions.ConnectTimeout: HTTPSConnectionPool(host='oauth2.googleapis.com', port=443): Max retries exceeded with url: /token (Caused by ConnectTimeoutError(<HTTPSConnection(host='oauth2.googleapis.com', port=443) at 0x1f9e317b110>, 'Connection to oauth2.googleapis.com timed out. (connect timeout=120)'))

The above exception was the direct cause of the following exception:

Traceback (most recent call last):
  File "D:\Hackathon-0\watchers\gmail_watcher.py", line 522, in main
    items = watcher.check()
            ^^^^^^^^^^^^^^^
  File "D:\Hackathon-0\watchers\gmail_watcher.py", line 251, in check
    service = self._get_service()
              ^^^^^^^^^^^^^^^^^^^
  File "D:\Hackathon-0\watchers\gmail_watcher.py", line 146, in _get_service
    creds = self._authenticate()
            ^^^^^^^^^^^^^^^^^^^^
  File "D:\Hackathon-0\watchers\gmail_watcher.py", line 113, in _authenticate
    creds.refresh(Request())
  File "C:\Users\Boss\AppData\Roaming\Python\Python312\site-packages\google\oauth2\credentials.py", line 412, in refresh
    ) = reauth.refresh_grant(
        ^^^^^^^^^^^^^^^^^^^^^
  File "C:\Users\Boss\AppData\Roaming\Python\Python312\site-packages\google\oauth2\reauth.py", line 337, in refresh_grant
    ) = _client._token_endpoint_request_no_throw(
        ^^^^^^^^^^^^^^^^^^^^^^^^^^^^^^^^^^^^^^^^^
  File "C:\Users\Boss\AppData\Roaming\Python\Python312\site-packages\google\oauth2\_client.py", line 192, in _token_endpoint_request_no_throw
    response = request(
               ^^^^^^^^
  File "C:\Users\Boss\AppData\Roaming\Python\Python312\site-packages\google\auth\transport\requests.py", line 195, in __call__
    raise new_exc from caught_exc
google.auth.exceptions.TransportError: HTTPSConnectionPool(host='oauth2.googleapis.com', port=443): Max retries exceeded with url: /token (Caused by ConnectTimeoutError(<HTTPSConnection(host='oauth2.googleapis.com', port=443) at 0x1f9e317b110>, 'Connection to oauth2.googleapis.com timed out. (connect timeout=120)'))
2026-02-26 21:04:44,031 [gmail_watcher] INFO: Refreshing expired token ...
2026-02-26 21:04:53,614 [gmail_watcher] INFO: Token saved to D:\Hackathon-0\token.json
2026-02-26 21:04:53,676 [googleapiclient.discovery_cache] INFO: file_cache is only supported with oauth2client<4.0.0
2026-02-26 21:04:54,043 [gmail_watcher] INFO: Querying Gmail: is:unread is:important
2026-02-26 21:05:05,635 [gmail_watcher] INFO: Found 10 message(s) to process.
2026-02-26 21:05:09,192 [gmail_watcher] INFO: Skipping duplicate: gmail_19c71524b007889e
2026-02-26 21:05:09,224 [gmail_watcher] INFO: Skipping duplicate: gmail_19c52a8e323a7a8f
2026-02-26 21:05:09,272 [gmail_watcher] INFO: Skipping duplicate: gmail_19bf5f7cfbe2f8eb
2026-02-26 21:05:09,300 [gmail_watcher] INFO: Skipping duplicate: gmail_19bf5f6c95c04163
2026-02-26 21:05:09,337 [gmail_watcher] INFO: Skipping duplicate: gmail_19bf5f5aa16cd2d0
2026-02-26 21:05:09,352 [gmail_watcher] INFO: Skipping duplicate: gmail_19bacc6fff17f15d
2026-02-26 21:05:09,384 [gmail_watcher] INFO: Skipping duplicate: gmail_19b520e2a18a3eb4
2026-02-26 21:05:09,399 [gmail_watcher] INFO: Skipping duplicate: gmail_19b2da8a62971ea9
2026-02-26 21:05:09,415 [gmail_watcher] INFO: Skipping duplicate: gmail_19a3bac8a6c3b5c9
2026-02-26 21:05:09,431 [gmail_watcher] INFO: Skipping duplicate: gmail_199b5aeef884d75d
2026-02-26 21:07:09,452 [gmail_watcher] INFO: Querying Gmail: is:unread is:important
2026-02-26 21:07:09,696 [gmail_watcher] INFO: Found 10 message(s) to process.
2026-02-26 21:09:09,699 [gmail_watcher] INFO: Querying Gmail: is:unread is:important
2026-02-26 21:09:09,925 [gmail_watcher] INFO: Found 10 message(s) to process.
2026-02-26 21:11:09,937 [gmail_watcher] INFO: Querying Gmail: is:unread is:important
2026-02-26 21:11:10,159 [gmail_watcher] INFO: Found 10 message(s) to process.
2026-02-26 21:13:10,177 [gmail_watcher] INFO: Querying Gmail: is:unread is:important
2026-02-26 21:13:10,425 [gmail_watcher] INFO: Found 10 message(s) to process.
2026-02-26 21:15:10,428 [gmail_watcher] INFO: Querying Gmail: is:unread is:important
2026-02-26 21:15:10,952 [gmail_watcher] INFO: Found 10 message(s) to process.
