2026-02-26 20:53:03,058 [watchdog] INFO: Watchdog starting. Monitoring 4 process(es) every 60s.
2026-02-26 20:53:03,083 [watchdog] INFO: Disk: 102.81 GB free / 140.8 GB total (27.0% used)
2026-02-26 20:53:03,091 [watchdog] WARNING: [mcp_orchestrator] Process is DEAD — restarting...
2026-02-26 20:53:03,250 [watchdog] INFO: [mcp_orchestrator] Restarting (attempt #1)...
2026-02-26 20:53:13,753 [watchdog] INFO: [mcp_orchestrator] Restarted — PID 18124
2026-02-26 20:53:15,162 [watchdog] WARNING: [gmail_watcher] Process is DEAD — restarting...
2026-02-26 20:53:15,618 [watchdog] INFO: [gmail_watcher] Restarting (attempt #1)...
2026-02-26 20:53:25,666 [watchdog] INFO: [gmail_watcher] Restarted — PID 4572
2026-02-26 20:53:25,777 [watchdog] WARNING: [whatsapp_watcher] Process is DEAD — restarting...
2026-02-26 20:53:25,779 [watchdog] INFO: [whatsapp_watcher] Restarting (attempt #1)...
2026-02-26 20:53:36,720 [watchdog] INFO: [whatsapp_watcher] Restarted — PID 10044
2026-02-26 20:53:37,432 [watchdog] WARNING: [linkedin_watcher] Process is DEAD — restarting...
2026-02-26 20:53:37,502 [watchdog] INFO: [linkedin_watcher] Restarting (attempt #1)...
2026-02-26 20:53:47,542 [watchdog] INFO: [linkedin_watcher] Restarted — PID 16012
2026-02-26 20:53:47,846 [watchdog] INFO: Health check: 4/4 alive, 0 dead, degraded=False
2026-02-26 20:54:48,285 [watchdog] INFO: Disk: 102.81 GB free / 140.8 GB total (27.0% used)
2026-02-26 20:54:48,364 [watchdog] INFO: Health check: 4/4 alive, 0 dead, degraded=False
2026-02-26 20:55:49,574 [watchdog] INFO: Disk: 102.81 GB free / 140.8 GB total (27.0% used)
2026-02-26 20:55:49,574 [watchdog] INFO: Health check: 4/4 alive, 0 dead, degraded=False
2026-02-26 20:56:54,648 [watchdog] INFO: Disk: 102.81 GB free / 140.8 GB total (27.0% used)
2026-02-26 20:56:54,656 [watchdog] INFO: Health check: 4/4 alive, 0 dead, degraded=False
2026-02-26 20:57:58,389 [watchdog] INFO: Disk: 102.80 GB free / 140.8 GB total (27.0% used)
2026-02-26 20:57:58,391 [watchdog] INFO: Health check: 4/4 alive, 0 dead, degraded=False
2026-02-26 20:58:58,794 [watchdog] INFO: Disk: 102.79 GB free / 140.8 GB total (27.0% used)
2026-02-26 20:58:58,811 [watchdog] INFO: Health check: 4/4 alive, 0 dead, degraded=False
2026-02-26 20:59:59,193 [watchdog] INFO: Disk: 102.79 GB free / 140.8 GB total (27.0% used)
2026-02-26 20:59:59,193 [watchdog] INFO: Health check: 4/4 alive, 0 dead, degraded=False
2026-02-26 21:01:00,007 [watchdog] INFO: Disk: 102.79 GB free / 140.8 GB total (27.0% used)
2026-02-26 21:01:00,010 [watchdog] INFO: Health check: 4/4 alive, 0 dead, degraded=False
2026-02-26 21:02:00,315 [watchdog] INFO: Disk: 102.79 GB free / 140.8 GB total (27.0% used)
2026-02-26 21:02:00,331 [watchdog] INFO: Health check: 4/4 alive, 0 dead, degraded=False
2026-02-26 21:03:00,662 [watchdog] INFO: Disk: 102.79 GB free / 140.8 GB total (27.0% used)
2026-02-26 21:03:00,664 [watchdog] INFO: Health check: 4/4 alive, 0 dead, degraded=False
2026-02-26 21:04:02,124 [watchdog] INFO: Disk: 102.77 GB free / 140.8 GB total (27.0% used)
2026-02-26 21:04:02,124 [watchdog] INFO: Health check: 4/4 alive, 0 dead, degraded=False
2026-02-26 21:05:02,422 [watchdog] INFO: Disk: 102.77 GB free / 140.8 GB total (27.0% used)
2026-02-26 21:05:02,444 [watchdog] INFO: Health check: 4/4 alive, 0 dead, degraded=False
2026-02-26 21:06:03,150 [watchdog] INFO: Disk: 102.77 GB free / 140.8 GB total (27.0% used)
2026-02-26 21:06:03,154 [watchdog] INFO: Health check: 4/4 alive, 0 dead, degraded=False
2026-02-26 21:07:03,613 [watchdog] INFO: Disk: 102.76 GB free / 140.8 GB total (27.0% used)
2026-02-26 21:07:03,629 [watchdog] INFO: Health check: 4/4 alive, 0 dead, degraded=False
2026-02-26 21:08:04,167 [watchdog] INFO: Disk: 102.76 GB free / 140.8 GB total (27.0% used)
2026-02-26 21:08:04,167 [watchdog] INFO: Health check: 4/4 alive, 0 dead, degraded=False
2026-02-26 21:09:04,686 [watchdog] INFO: Disk: 102.76 GB free / 140.8 GB total (27.0% used)
2026-02-26 21:09:04,686 [watchdog] INFO: Health check: 4/4 alive, 0 dead, degraded=False
2026-02-26 21:10:05,719 [watchdog] INFO: Disk: 102.75 GB free / 140.8 GB total (27.0% used)
2026-02-26 21:10:05,721 [watchdog] INFO: Health check: 4/4 alive, 0 dead, degraded=False
2026-02-26 21:11:06,144 [watchdog] INFO: Disk: 102.75 GB free / 140.8 GB total (27.0% used)
2026-02-26 21:11:06,144 [watchdog] INFO: Health check: 4/4 alive, 0 dead, degraded=False
2026-02-26 21:12:06,493 [watchdog] INFO: Disk: 102.76 GB free / 140.8 GB total (27.0% used)
2026-02-26 21:12:06,493 [watchdog] INFO: Health check: 4/4 alive, 0 dead, degraded=False
2026-02-26 21:13:06,933 [watchdog] INFO: Disk: 102.76 GB free / 140.8 GB total (27.0% used)
2026-02-26 21:13:06,947 [watchdog] INFO: Health check: 4/4 alive, 0 dead, degraded=False
2026-02-26 21:14:07,547 [watchdog] INFO: Disk: 102.76 GB free / 140.8 GB total (27.0% used)
2026-02-26 21:14:07,569 [watchdog] INFO: Health check: 4/4 alive, 0 dead, degraded=False
2026-02-26 21:15:07,944 [watchdog] INFO: Disk: 102.76 GB free / 140.8 GB total (27.0% used)
2026-02-26 21:15:07,944 [watchdog] INFO: Health check: 4/4 alive, 0 dead, degraded=False
2026-02-26 21:16:08,258 [watchdog] INFO: Disk: 102.76 GB free / 140.8 GB total (27.0% used)
2026-02-26 21:16:08,258 [watchdog] INFO: Health check: 4/4 alive, 0 dead, degraded=False
