2026-02-19 21:35:57,187 [whatsapp_watcher] INFO: Running in DEMO mode (no browser needed)
2026-02-19 21:35:57,391 [whatsapp_watcher] INFO: Created action file: WHATSAPP_whatsapp_demo_001.md
2026-02-19 21:35:57,594 [whatsapp_watcher] INFO: Created action file: WHATSAPP_whatsapp_demo_002.md
2026-02-19 21:35:57,594 [whatsapp_watcher] INFO: Demo done. 2 action file(s) created.
2026-02-20 21:14:22,181 [whatsapp_watcher] INFO: Starting WhatsApp watcher (poll every 30s, keywords: ['urgent', 'invoice', 'payment', 'pricing', 'help'])
2026-02-20 21:14:29,102 [whatsapp_watcher] INFO: Launching Playwright persistent context ...
2026-02-20 21:14:29,132 [whatsapp_watcher] INFO: Session path: D:\Hackathon-0\.whatsapp_session
2026-02-20 21:16:17,680 [whatsapp_watcher] ERROR: Error during check cycle
Traceback (most recent call last):
  File "D:\Hackathon-0\watchers\whatsapp_watcher.py", line 386, in run
    items = self.check()
  File "D:\Hackathon-0\watchers\whatsapp_watcher.py", line 287, in check
    self._ensure_browser()
    ~~~~~~~~~~~~~~~~~~~~^^
  File "D:\Hackathon-0\watchers\whatsapp_watcher.py", line 103, in _ensure_browser
    self._context = self._playwright.chromium.launch_persistent_context(
                    ~~~~~~~~~~~~~~~~~~~~~~~~~~~~~~~~~~~~~~~~~~~~~~~~~~~^
        user_data_dir=str(self.session_path),
        ^^^^^^^^^^^^^^^^^^^^^^^^^^^^^^^^^^^^^
    ...<6 lines>...
        locale="en-US",
        ^^^^^^^^^^^^^^^
    )
    ^
  File "D:\Hackathon-0\.venv\Lib\site-packages\playwright\sync_api\_generated.py", line 14861, in launch_persistent_context
    self._sync(
    ~~~~~~~~~~^
        self._impl_obj.launch_persistent_context(
        ^^^^^^^^^^^^^^^^^^^^^^^^^^^^^^^^^^^^^^^^^
    ...<50 lines>...
        )
        ^
    )
    ^
  File "D:\Hackathon-0\.venv\Lib\site-packages\playwright\_impl\_sync_base.py", line 115, in _sync
    return task.result()
           ~~~~~~~~~~~^^
  File "D:\Hackathon-0\.venv\Lib\site-packages\playwright\_impl\_browser_type.py", line 164, in launch_persistent_context
    result = await self._channel.send_return_as_dict(
             ^^^^^^^^^^^^^^^^^^^^^^^^^^^^^^^^^^^^^^^^
        "launchPersistentContext", TimeoutSettings.launch_timeout, params
        ^^^^^^^^^^^^^^^^^^^^^^^^^^^^^^^^^^^^^^^^^^^^^^^^^^^^^^^^^^^^^^^^^
    )
    ^
  File "D:\Hackathon-0\.venv\Lib\site-packages\playwright\_impl\_connection.py", line 83, in send_return_as_dict
    return await self._connection.wrap_api_call(
           ^^^^^^^^^^^^^^^^^^^^^^^^^^^^^^^^^^^^^
    ...<3 lines>...
    )
    ^
  File "D:\Hackathon-0\.venv\Lib\site-packages\playwright\_impl\_connection.py", line 559, in wrap_api_call
    raise rewrite_error(error, f"{parsed_st['apiName']}: {error}") from None
playwright._impl._errors.Error: BrowserType.launch_persistent_context: Executable doesn't exist at C:\Users\Boss\AppData\Local\ms-playwright\chromium-1208\chrome-win64\chrome.exe
╔════════════════════════════════════════════════════════════╗
║ Looks like Playwright was just installed or updated.       ║
║ Please run the following command to download new browsers: ║
║                                                            ║
║     playwright install                                     ║
║                                                            ║
║ <3 Playwright Team                                         ║
╚════════════════════════════════════════════════════════════╝
2026-02-20 21:16:47,773 [whatsapp_watcher] INFO: Launching Playwright persistent context ...
2026-02-20 21:16:47,775 [whatsapp_watcher] INFO: Session path: D:\Hackathon-0\.whatsapp_session
2026-02-20 21:16:47,777 [whatsapp_watcher] ERROR: Error during check cycle
Traceback (most recent call last):
  File "D:\Hackathon-0\watchers\whatsapp_watcher.py", line 386, in run
    items = self.check()
  File "D:\Hackathon-0\watchers\whatsapp_watcher.py", line 287, in check
    self._ensure_browser()
    ~~~~~~~~~~~~~~~~~~~~^^
  File "D:\Hackathon-0\watchers\whatsapp_watcher.py", line 102, in _ensure_browser
    self._playwright = sync_playwright().start()
                       ~~~~~~~~~~~~~~~~~~~~~~~^^
  File "D:\Hackathon-0\.venv\Lib\site-packages\playwright\sync_api\_context_manager.py", line 84, in start
    return self.__enter__()
           ~~~~~~~~~~~~~~^^
  File "D:\Hackathon-0\.venv\Lib\site-packages\playwright\sync_api\_context_manager.py", line 47, in __enter__
                raise Error(
    ...<2 lines>...
                )
playwright._impl._errors.Error: It looks like you are using Playwright Sync API inside the asyncio loop.
Please use the Async API instead.
2026-02-20 21:17:17,824 [whatsapp_watcher] INFO: Launching Playwright persistent context ...
2026-02-20 21:17:17,826 [whatsapp_watcher] INFO: Session path: D:\Hackathon-0\.whatsapp_session
2026-02-20 21:17:17,828 [whatsapp_watcher] ERROR: Error during check cycle
Traceback (most recent call last):
  File "D:\Hackathon-0\watchers\whatsapp_watcher.py", line 386, in run
    items = self.check()
  File "D:\Hackathon-0\watchers\whatsapp_watcher.py", line 287, in check
    self._ensure_browser()
    ~~~~~~~~~~~~~~~~~~~~^^
  File "D:\Hackathon-0\watchers\whatsapp_watcher.py", line 102, in _ensure_browser
    self._playwright = sync_playwright().start()
                       ~~~~~~~~~~~~~~~~~~~~~~~^^
  File "D:\Hackathon-0\.venv\Lib\site-packages\playwright\sync_api\_context_manager.py", line 84, in start
    return self.__enter__()
           ~~~~~~~~~~~~~~^^
  File "D:\Hackathon-0\.venv\Lib\site-packages\playwright\sync_api\_context_manager.py", line 47, in __enter__
                raise Error(
    ...<2 lines>...
                )
playwright._impl._errors.Error: It looks like you are using Playwright Sync API inside the asyncio loop.
Please use the Async API instead.
2026-02-20 21:17:48,321 [whatsapp_watcher] INFO: Launching Playwright persistent context ...
2026-02-20 21:17:48,502 [whatsapp_watcher] INFO: Session path: D:\Hackathon-0\.whatsapp_session
2026-02-20 21:17:48,518 [whatsapp_watcher] ERROR: Error during check cycle
Traceback (most recent call last):
  File "D:\Hackathon-0\watchers\whatsapp_watcher.py", line 386, in run
    items = self.check()
  File "D:\Hackathon-0\watchers\whatsapp_watcher.py", line 287, in check
    self._ensure_browser()
    ~~~~~~~~~~~~~~~~~~~~^^
  File "D:\Hackathon-0\watchers\whatsapp_watcher.py", line 102, in _ensure_browser
    self._playwright = sync_playwright().start()
                       ~~~~~~~~~~~~~~~~~~~~~~~^^
  File "D:\Hackathon-0\.venv\Lib\site-packages\playwright\sync_api\_context_manager.py", line 84, in start
    return self.__enter__()
           ~~~~~~~~~~~~~~^^
  File "D:\Hackathon-0\.venv\Lib\site-packages\playwright\sync_api\_context_manager.py", line 47, in __enter__
                raise Error(
    ...<2 lines>...
                )
playwright._impl._errors.Error: It looks like you are using Playwright Sync API inside the asyncio loop.
Please use the Async API instead.
2026-02-20 21:18:18,851 [whatsapp_watcher] INFO: Launching Playwright persistent context ...
2026-02-20 21:18:18,853 [whatsapp_watcher] INFO: Session path: D:\Hackathon-0\.whatsapp_session
2026-02-20 21:18:18,857 [whatsapp_watcher] ERROR: Error during check cycle
Traceback (most recent call last):
  File "D:\Hackathon-0\watchers\whatsapp_watcher.py", line 386, in run
    items = self.check()
  File "D:\Hackathon-0\watchers\whatsapp_watcher.py", line 287, in check
    self._ensure_browser()
    ~~~~~~~~~~~~~~~~~~~~^^
  File "D:\Hackathon-0\watchers\whatsapp_watcher.py", line 102, in _ensure_browser
    self._playwright = sync_playwright().start()
                       ~~~~~~~~~~~~~~~~~~~~~~~^^
  File "D:\Hackathon-0\.venv\Lib\site-packages\playwright\sync_api\_context_manager.py", line 84, in start
    return self.__enter__()
           ~~~~~~~~~~~~~~^^
  File "D:\Hackathon-0\.venv\Lib\site-packages\playwright\sync_api\_context_manager.py", line 47, in __enter__
                raise Error(
    ...<2 lines>...
                )
playwright._impl._errors.Error: It looks like you are using Playwright Sync API inside the asyncio loop.
Please use the Async API instead.
2026-02-20 21:18:49,218 [whatsapp_watcher] INFO: Launching Playwright persistent context ...
2026-02-20 21:18:49,618 [whatsapp_watcher] INFO: Session path: D:\Hackathon-0\.whatsapp_session
2026-02-20 21:18:49,626 [whatsapp_watcher] ERROR: Error during check cycle
Traceback (most recent call last):
  File "D:\Hackathon-0\watchers\whatsapp_watcher.py", line 386, in run
    items = self.check()
  File "D:\Hackathon-0\watchers\whatsapp_watcher.py", line 287, in check
    self._ensure_browser()
    ~~~~~~~~~~~~~~~~~~~~^^
  File "D:\Hackathon-0\watchers\whatsapp_watcher.py", line 102, in _ensure_browser
    self._playwright = sync_playwright().start()
                       ~~~~~~~~~~~~~~~~~~~~~~~^^
  File "D:\Hackathon-0\.venv\Lib\site-packages\playwright\sync_api\_context_manager.py", line 84, in start
    return self.__enter__()
           ~~~~~~~~~~~~~~^^
  File "D:\Hackathon-0\.venv\Lib\site-packages\playwright\sync_api\_context_manager.py", line 47, in __enter__
                raise Error(
    ...<2 lines>...
                )
playwright._impl._errors.Error: It looks like you are using Playwright Sync API inside the asyncio loop.
Please use the Async API instead.
2026-02-20 21:19:19,849 [whatsapp_watcher] INFO: Launching Playwright persistent context ...
2026-02-20 21:19:19,851 [whatsapp_watcher] INFO: Session path: D:\Hackathon-0\.whatsapp_session
2026-02-20 21:19:19,854 [whatsapp_watcher] ERROR: Error during check cycle
Traceback (most recent call last):
  File "D:\Hackathon-0\watchers\whatsapp_watcher.py", line 386, in run
    items = self.check()
  File "D:\Hackathon-0\watchers\whatsapp_watcher.py", line 287, in check
    self._ensure_browser()
    ~~~~~~~~~~~~~~~~~~~~^^
  File "D:\Hackathon-0\watchers\whatsapp_watcher.py", line 102, in _ensure_browser
    self._playwright = sync_playwright().start()
                       ~~~~~~~~~~~~~~~~~~~~~~~^^
  File "D:\Hackathon-0\.venv\Lib\site-packages\playwright\sync_api\_context_manager.py", line 84, in start
    return self.__enter__()
           ~~~~~~~~~~~~~~^^
  File "D:\Hackathon-0\.venv\Lib\site-packages\playwright\sync_api\_context_manager.py", line 47, in __enter__
                raise Error(
    ...<2 lines>...
                )
playwright._impl._errors.Error: It looks like you are using Playwright Sync API inside the asyncio loop.
Please use the Async API instead.
2026-02-20 21:19:50,003 [whatsapp_watcher] INFO: Launching Playwright persistent context ...
2026-02-20 21:19:50,005 [whatsapp_watcher] INFO: Session path: D:\Hackathon-0\.whatsapp_session
2026-02-20 21:19:50,011 [whatsapp_watcher] ERROR: Error during check cycle
Traceback (most recent call last):
  File "D:\Hackathon-0\watchers\whatsapp_watcher.py", line 386, in run
    items = self.check()
  File "D:\Hackathon-0\watchers\whatsapp_watcher.py", line 287, in check
    self._ensure_browser()
    ~~~~~~~~~~~~~~~~~~~~^^
  File "D:\Hackathon-0\watchers\whatsapp_watcher.py", line 102, in _ensure_browser
    self._playwright = sync_playwright().start()
                       ~~~~~~~~~~~~~~~~~~~~~~~^^
  File "D:\Hackathon-0\.venv\Lib\site-packages\playwright\sync_api\_context_manager.py", line 84, in start
    return self.__enter__()
           ~~~~~~~~~~~~~~^^
  File "D:\Hackathon-0\.venv\Lib\site-packages\playwright\sync_api\_context_manager.py", line 47, in __enter__
                raise Error(
    ...<2 lines>...
                )
playwright._impl._errors.Error: It looks like you are using Playwright Sync API inside the asyncio loop.
Please use the Async API instead.
2026-02-20 21:20:20,057 [whatsapp_watcher] INFO: Launching Playwright persistent context ...
2026-02-20 21:20:20,069 [whatsapp_watcher] INFO: Session path: D:\Hackathon-0\.whatsapp_session
2026-02-20 21:20:20,090 [whatsapp_watcher] ERROR: Error during check cycle
Traceback (most recent call last):
  File "D:\Hackathon-0\watchers\whatsapp_watcher.py", line 386, in run
    items = self.check()
  File "D:\Hackathon-0\watchers\whatsapp_watcher.py", line 287, in check
    self._ensure_browser()
    ~~~~~~~~~~~~~~~~~~~~^^
  File "D:\Hackathon-0\watchers\whatsapp_watcher.py", line 102, in _ensure_browser
    self._playwright = sync_playwright().start()
                       ~~~~~~~~~~~~~~~~~~~~~~~^^
  File "D:\Hackathon-0\.venv\Lib\site-packages\playwright\sync_api\_context_manager.py", line 84, in start
    return self.__enter__()
           ~~~~~~~~~~~~~~^^
  File "D:\Hackathon-0\.venv\Lib\site-packages\playwright\sync_api\_context_manager.py", line 47, in __enter__
                raise Error(
    ...<2 lines>...
                )
playwright._impl._errors.Error: It looks like you are using Playwright Sync API inside the asyncio loop.
Please use the Async API instead.
2026-02-20 21:20:50,203 [whatsapp_watcher] INFO: Launching Playwright persistent context ...
2026-02-20 21:20:50,224 [whatsapp_watcher] INFO: Session path: D:\Hackathon-0\.whatsapp_session
2026-02-20 21:20:50,324 [whatsapp_watcher] ERROR: Error during check cycle
Traceback (most recent call last):
  File "D:\Hackathon-0\watchers\whatsapp_watcher.py", line 386, in run
    items = self.check()
  File "D:\Hackathon-0\watchers\whatsapp_watcher.py", line 287, in check
    self._ensure_browser()
    ~~~~~~~~~~~~~~~~~~~~^^
  File "D:\Hackathon-0\watchers\whatsapp_watcher.py", line 102, in _ensure_browser
    self._playwright = sync_playwright().start()
                       ~~~~~~~~~~~~~~~~~~~~~~~^^
  File "D:\Hackathon-0\.venv\Lib\site-packages\playwright\sync_api\_context_manager.py", line 84, in start
    return self.__enter__()
           ~~~~~~~~~~~~~~^^
  File "D:\Hackathon-0\.venv\Lib\site-packages\playwright\sync_api\_context_manager.py", line 47, in __enter__
                raise Error(
    ...<2 lines>...
                )
playwright._impl._errors.Error: It looks like you are using Playwright Sync API inside the asyncio loop.
Please use the Async API instead.
2026-02-20 21:21:20,346 [whatsapp_watcher] INFO: Launching Playwright persistent context ...
2026-02-20 21:21:20,348 [whatsapp_watcher] INFO: Session path: D:\Hackathon-0\.whatsapp_session
2026-02-20 21:21:20,351 [whatsapp_watcher] ERROR: Error during check cycle
Traceback (most recent call last):
  File "D:\Hackathon-0\watchers\whatsapp_watcher.py", line 386, in run
    items = self.check()
  File "D:\Hackathon-0\watchers\whatsapp_watcher.py", line 287, in check
    self._ensure_browser()
    ~~~~~~~~~~~~~~~~~~~~^^
  File "D:\Hackathon-0\watchers\whatsapp_watcher.py", line 102, in _ensure_browser
    self._playwright = sync_playwright().start()
                       ~~~~~~~~~~~~~~~~~~~~~~~^^
  File "D:\Hackathon-0\.venv\Lib\site-packages\playwright\sync_api\_context_manager.py", line 84, in start
    return self.__enter__()
           ~~~~~~~~~~~~~~^^
  File "D:\Hackathon-0\.venv\Lib\site-packages\playwright\sync_api\_context_manager.py", line 47, in __enter__
                raise Error(
    ...<2 lines>...
                )
playwright._impl._errors.Error: It looks like you are using Playwright Sync API inside the asyncio loop.
Please use the Async API instead.
2026-02-20 21:21:50,401 [whatsapp_watcher] INFO: Launching Playwright persistent context ...
2026-02-20 21:21:50,405 [whatsapp_watcher] INFO: Session path: D:\Hackathon-0\.whatsapp_session
2026-02-20 21:21:50,409 [whatsapp_watcher] ERROR: Error during check cycle
Traceback (most recent call last):
  File "D:\Hackathon-0\watchers\whatsapp_watcher.py", line 386, in run
    items = self.check()
  File "D:\Hackathon-0\watchers\whatsapp_watcher.py", line 287, in check
    self._ensure_browser()
    ~~~~~~~~~~~~~~~~~~~~^^
  File "D:\Hackathon-0\watchers\whatsapp_watcher.py", line 102, in _ensure_browser
    self._playwright = sync_playwright().start()
                       ~~~~~~~~~~~~~~~~~~~~~~~^^
  File "D:\Hackathon-0\.venv\Lib\site-packages\playwright\sync_api\_context_manager.py", line 84, in start
    return self.__enter__()
           ~~~~~~~~~~~~~~^^
  File "D:\Hackathon-0\.venv\Lib\site-packages\playwright\sync_api\_context_manager.py", line 47, in __enter__
                raise Error(
    ...<2 lines>...
                )
playwright._impl._errors.Error: It looks like you are using Playwright Sync API inside the asyncio loop.
Please use the Async API instead.
2026-02-20 21:22:20,570 [whatsapp_watcher] INFO: Launching Playwright persistent context ...
2026-02-20 21:22:20,736 [whatsapp_watcher] INFO: Session path: D:\Hackathon-0\.whatsapp_session
2026-02-20 21:22:20,775 [whatsapp_watcher] ERROR: Error during check cycle
Traceback (most recent call last):
  File "D:\Hackathon-0\watchers\whatsapp_watcher.py", line 386, in run
    items = self.check()
  File "D:\Hackathon-0\watchers\whatsapp_watcher.py", line 287, in check
    self._ensure_browser()
    ~~~~~~~~~~~~~~~~~~~~^^
  File "D:\Hackathon-0\watchers\whatsapp_watcher.py", line 102, in _ensure_browser
    self._playwright = sync_playwright().start()
                       ~~~~~~~~~~~~~~~~~~~~~~~^^
  File "D:\Hackathon-0\.venv\Lib\site-packages\playwright\sync_api\_context_manager.py", line 84, in start
    return self.__enter__()
           ~~~~~~~~~~~~~~^^
  File "D:\Hackathon-0\.venv\Lib\site-packages\playwright\sync_api\_context_manager.py", line 47, in __enter__
                raise Error(
    ...<2 lines>...
                )
playwright._impl._errors.Error: It looks like you are using Playwright Sync API inside the asyncio loop.
Please use the Async API instead.
2026-02-20 21:22:51,252 [whatsapp_watcher] INFO: Launching Playwright persistent context ...
2026-02-20 21:22:51,686 [whatsapp_watcher] INFO: Session path: D:\Hackathon-0\.whatsapp_session
2026-02-20 21:22:51,864 [whatsapp_watcher] ERROR: Error during check cycle
Traceback (most recent call last):
  File "D:\Hackathon-0\watchers\whatsapp_watcher.py", line 386, in run
    items = self.check()
  File "D:\Hackathon-0\watchers\whatsapp_watcher.py", line 287, in check
    self._ensure_browser()
    ~~~~~~~~~~~~~~~~~~~~^^
  File "D:\Hackathon-0\watchers\whatsapp_watcher.py", line 102, in _ensure_browser
    self._playwright = sync_playwright().start()
                       ~~~~~~~~~~~~~~~~~~~~~~~^^
  File "D:\Hackathon-0\.venv\Lib\site-packages\playwright\sync_api\_context_manager.py", line 84, in start
    return self.__enter__()
           ~~~~~~~~~~~~~~^^
  File "D:\Hackathon-0\.venv\Lib\site-packages\playwright\sync_api\_context_manager.py", line 47, in __enter__
                raise Error(
    ...<2 lines>...
                )
playwright._impl._errors.Error: It looks like you are using Playwright Sync API inside the asyncio loop.
Please use the Async API instead.
2026-02-20 21:23:22,344 [whatsapp_watcher] INFO: Launching Playwright persistent context ...
2026-02-20 21:23:22,352 [whatsapp_watcher] INFO: Session path: D:\Hackathon-0\.whatsapp_session
2026-02-20 21:23:22,357 [whatsapp_watcher] ERROR: Error during check cycle
Traceback (most recent call last):
  File "D:\Hackathon-0\watchers\whatsapp_watcher.py", line 386, in run
    items = self.check()
  File "D:\Hackathon-0\watchers\whatsapp_watcher.py", line 287, in check
    self._ensure_browser()
    ~~~~~~~~~~~~~~~~~~~~^^
  File "D:\Hackathon-0\watchers\whatsapp_watcher.py", line 102, in _ensure_browser
    self._playwright = sync_playwright().start()
                       ~~~~~~~~~~~~~~~~~~~~~~~^^
  File "D:\Hackathon-0\.venv\Lib\site-packages\playwright\sync_api\_context_manager.py", line 84, in start
    return self.__enter__()
           ~~~~~~~~~~~~~~^^
  File "D:\Hackathon-0\.venv\Lib\site-packages\playwright\sync_api\_context_manager.py", line 47, in __enter__
                raise Error(
    ...<2 lines>...
                )
playwright._impl._errors.Error: It looks like you are using Playwright Sync API inside the asyncio loop.
Please use the Async API instead.
2026-02-20 21:23:52,389 [whatsapp_watcher] INFO: Launching Playwright persistent context ...
2026-02-20 21:23:52,395 [whatsapp_watcher] INFO: Session path: D:\Hackathon-0\.whatsapp_session
2026-02-20 21:23:52,397 [whatsapp_watcher] ERROR: Error during check cycle
Traceback (most recent call last):
  File "D:\Hackathon-0\watchers\whatsapp_watcher.py", line 386, in run
    items = self.check()
  File "D:\Hackathon-0\watchers\whatsapp_watcher.py", line 287, in check
    self._ensure_browser()
    ~~~~~~~~~~~~~~~~~~~~^^
  File "D:\Hackathon-0\watchers\whatsapp_watcher.py", line 102, in _ensure_browser
    self._playwright = sync_playwright().start()
                       ~~~~~~~~~~~~~~~~~~~~~~~^^
  File "D:\Hackathon-0\.venv\Lib\site-packages\playwright\sync_api\_context_manager.py", line 84, in start
    return self.__enter__()
           ~~~~~~~~~~~~~~^^
  File "D:\Hackathon-0\.venv\Lib\site-packages\playwright\sync_api\_context_manager.py", line 47, in __enter__
                raise Error(
    ...<2 lines>...
                )
playwright._impl._errors.Error: It looks like you are using Playwright Sync API inside the asyncio loop.
Please use the Async API instead.
2026-02-20 21:24:22,869 [whatsapp_watcher] INFO: Launching Playwright persistent context ...
2026-02-20 21:24:22,871 [whatsapp_watcher] INFO: Session path: D:\Hackathon-0\.whatsapp_session
2026-02-20 21:24:22,875 [whatsapp_watcher] ERROR: Error during check cycle
Traceback (most recent call last):
  File "D:\Hackathon-0\watchers\whatsapp_watcher.py", line 386, in run
    items = self.check()
  File "D:\Hackathon-0\watchers\whatsapp_watcher.py", line 287, in check
    self._ensure_browser()
    ~~~~~~~~~~~~~~~~~~~~^^
  File "D:\Hackathon-0\watchers\whatsapp_watcher.py", line 102, in _ensure_browser
    self._playwright = sync_playwright().start()
                       ~~~~~~~~~~~~~~~~~~~~~~~^^
  File "D:\Hackathon-0\.venv\Lib\site-packages\playwright\sync_api\_context_manager.py", line 84, in start
    return self.__enter__()
           ~~~~~~~~~~~~~~^^
  File "D:\Hackathon-0\.venv\Lib\site-packages\playwright\sync_api\_context_manager.py", line 47, in __enter__
                raise Error(
    ...<2 lines>...
                )
playwright._impl._errors.Error: It looks like you are using Playwright Sync API inside the asyncio loop.
Please use the Async API instead.
2026-02-20 21:24:52,900 [whatsapp_watcher] INFO: Launching Playwright persistent context ...
2026-02-20 21:24:52,901 [whatsapp_watcher] INFO: Session path: D:\Hackathon-0\.whatsapp_session
2026-02-20 21:24:52,904 [whatsapp_watcher] ERROR: Error during check cycle
Traceback (most recent call last):
  File "D:\Hackathon-0\watchers\whatsapp_watcher.py", line 386, in run
    items = self.check()
  File "D:\Hackathon-0\watchers\whatsapp_watcher.py", line 287, in check
    self._ensure_browser()
    ~~~~~~~~~~~~~~~~~~~~^^
  File "D:\Hackathon-0\watchers\whatsapp_watcher.py", line 102, in _ensure_browser
    self._playwright = sync_playwright().start()
                       ~~~~~~~~~~~~~~~~~~~~~~~^^
  File "D:\Hackathon-0\.venv\Lib\site-packages\playwright\sync_api\_context_manager.py", line 84, in start
    return self.__enter__()
           ~~~~~~~~~~~~~~^^
  File "D:\Hackathon-0\.venv\Lib\site-packages\playwright\sync_api\_context_manager.py", line 47, in __enter__
                raise Error(
    ...<2 lines>...
                )
playwright._impl._errors.Error: It looks like you are using Playwright Sync API inside the asyncio loop.
Please use the Async API instead.
2026-02-20 21:25:23,324 [whatsapp_watcher] INFO: Launching Playwright persistent context ...
2026-02-20 21:25:23,496 [whatsapp_watcher] INFO: Session path: D:\Hackathon-0\.whatsapp_session
2026-02-20 21:25:23,498 [whatsapp_watcher] ERROR: Error during check cycle
Traceback (most recent call last):
  File "D:\Hackathon-0\watchers\whatsapp_watcher.py", line 386, in run
    items = self.check()
  File "D:\Hackathon-0\watchers\whatsapp_watcher.py", line 287, in check
    self._ensure_browser()
    ~~~~~~~~~~~~~~~~~~~~^^
  File "D:\Hackathon-0\watchers\whatsapp_watcher.py", line 102, in _ensure_browser
    self._playwright = sync_playwright().start()
                       ~~~~~~~~~~~~~~~~~~~~~~~^^
  File "D:\Hackathon-0\.venv\Lib\site-packages\playwright\sync_api\_context_manager.py", line 84, in start
    return self.__enter__()
           ~~~~~~~~~~~~~~^^
  File "D:\Hackathon-0\.venv\Lib\site-packages\playwright\sync_api\_context_manager.py", line 47, in __enter__
                raise Error(
    ...<2 lines>...
                )
playwright._impl._errors.Error: It looks like you are using Playwright Sync API inside the asyncio loop.
Please use the Async API instead.
2026-02-20 21:25:53,525 [whatsapp_watcher] INFO: Launching Playwright persistent context ...
2026-02-20 21:25:53,595 [whatsapp_watcher] INFO: Session path: D:\Hackathon-0\.whatsapp_session
2026-02-20 21:25:53,610 [whatsapp_watcher] ERROR: Error during check cycle
Traceback (most recent call last):
  File "D:\Hackathon-0\watchers\whatsapp_watcher.py", line 386, in run
    items = self.check()
  File "D:\Hackathon-0\watchers\whatsapp_watcher.py", line 287, in check
    self._ensure_browser()
    ~~~~~~~~~~~~~~~~~~~~^^
  File "D:\Hackathon-0\watchers\whatsapp_watcher.py", line 102, in _ensure_browser
    self._playwright = sync_playwright().start()
                       ~~~~~~~~~~~~~~~~~~~~~~~^^
  File "D:\Hackathon-0\.venv\Lib\site-packages\playwright\sync_api\_context_manager.py", line 84, in start
    return self.__enter__()
           ~~~~~~~~~~~~~~^^
  File "D:\Hackathon-0\.venv\Lib\site-packages\playwright\sync_api\_context_manager.py", line 47, in __enter__
                raise Error(
    ...<2 lines>...
                )
playwright._impl._errors.Error: It looks like you are using Playwright Sync API inside the asyncio loop.
Please use the Async API instead.
2026-02-20 21:26:23,747 [whatsapp_watcher] INFO: Launching Playwright persistent context ...
2026-02-20 21:26:23,751 [whatsapp_watcher] INFO: Session path: D:\Hackathon-0\.whatsapp_session
2026-02-20 21:26:23,773 [whatsapp_watcher] ERROR: Error during check cycle
Traceback (most recent call last):
  File "D:\Hackathon-0\watchers\whatsapp_watcher.py", line 386, in run
    items = self.check()
  File "D:\Hackathon-0\watchers\whatsapp_watcher.py", line 287, in check
    self._ensure_browser()
    ~~~~~~~~~~~~~~~~~~~~^^
  File "D:\Hackathon-0\watchers\whatsapp_watcher.py", line 102, in _ensure_browser
    self._playwright = sync_playwright().start()
                       ~~~~~~~~~~~~~~~~~~~~~~~^^
  File "D:\Hackathon-0\.venv\Lib\site-packages\playwright\sync_api\_context_manager.py", line 84, in start
    return self.__enter__()
           ~~~~~~~~~~~~~~^^
  File "D:\Hackathon-0\.venv\Lib\site-packages\playwright\sync_api\_context_manager.py", line 47, in __enter__
                raise Error(
    ...<2 lines>...
                )
playwright._impl._errors.Error: It looks like you are using Playwright Sync API inside the asyncio loop.
Please use the Async API instead.
2026-02-20 21:26:53,935 [whatsapp_watcher] INFO: Launching Playwright persistent context ...
2026-02-20 21:26:53,941 [whatsapp_watcher] INFO: Session path: D:\Hackathon-0\.whatsapp_session
2026-02-20 21:26:53,944 [whatsapp_watcher] ERROR: Error during check cycle
Traceback (most recent call last):
  File "D:\Hackathon-0\watchers\whatsapp_watcher.py", line 386, in run
    items = self.check()
  File "D:\Hackathon-0\watchers\whatsapp_watcher.py", line 287, in check
    self._ensure_browser()
    ~~~~~~~~~~~~~~~~~~~~^^
  File "D:\Hackathon-0\watchers\whatsapp_watcher.py", line 102, in _ensure_browser
    self._playwright = sync_playwright().start()
                       ~~~~~~~~~~~~~~~~~~~~~~~^^
  File "D:\Hackathon-0\.venv\Lib\site-packages\playwright\sync_api\_context_manager.py", line 84, in start
    return self.__enter__()
           ~~~~~~~~~~~~~~^^
  File "D:\Hackathon-0\.venv\Lib\site-packages\playwright\sync_api\_context_manager.py", line 47, in __enter__
                raise Error(
    ...<2 lines>...
                )
playwright._impl._errors.Error: It looks like you are using Playwright Sync API inside the asyncio loop.
Please use the Async API instead.
2026-02-20 21:27:24,503 [whatsapp_watcher] INFO: Launching Playwright persistent context ...
2026-02-20 21:27:24,597 [whatsapp_watcher] INFO: Session path: D:\Hackathon-0\.whatsapp_session
2026-02-20 21:27:24,945 [whatsapp_watcher] ERROR: Error during check cycle
Traceback (most recent call last):
  File "D:\Hackathon-0\watchers\whatsapp_watcher.py", line 386, in run
    items = self.check()
  File "D:\Hackathon-0\watchers\whatsapp_watcher.py", line 287, in check
    self._ensure_browser()
    ~~~~~~~~~~~~~~~~~~~~^^
  File "D:\Hackathon-0\watchers\whatsapp_watcher.py", line 102, in _ensure_browser
    self._playwright = sync_playwright().start()
                       ~~~~~~~~~~~~~~~~~~~~~~~^^
  File "D:\Hackathon-0\.venv\Lib\site-packages\playwright\sync_api\_context_manager.py", line 84, in start
    return self.__enter__()
           ~~~~~~~~~~~~~~^^
  File "D:\Hackathon-0\.venv\Lib\site-packages\playwright\sync_api\_context_manager.py", line 47, in __enter__
                raise Error(
    ...<2 lines>...
                )
playwright._impl._errors.Error: It looks like you are using Playwright Sync API inside the asyncio loop.
Please use the Async API instead.
2026-02-20 21:27:55,494 [whatsapp_watcher] INFO: Launching Playwright persistent context ...
2026-02-20 21:27:55,852 [whatsapp_watcher] INFO: Session path: D:\Hackathon-0\.whatsapp_session
2026-02-20 21:27:56,011 [whatsapp_watcher] ERROR: Error during check cycle
Traceback (most recent call last):
  File "D:\Hackathon-0\watchers\whatsapp_watcher.py", line 386, in run
    items = self.check()
  File "D:\Hackathon-0\watchers\whatsapp_watcher.py", line 287, in check
    self._ensure_browser()
    ~~~~~~~~~~~~~~~~~~~~^^
  File "D:\Hackathon-0\watchers\whatsapp_watcher.py", line 102, in _ensure_browser
    self._playwright = sync_playwright().start()
                       ~~~~~~~~~~~~~~~~~~~~~~~^^
  File "D:\Hackathon-0\.venv\Lib\site-packages\playwright\sync_api\_context_manager.py", line 84, in start
    return self.__enter__()
           ~~~~~~~~~~~~~~^^
  File "D:\Hackathon-0\.venv\Lib\site-packages\playwright\sync_api\_context_manager.py", line 47, in __enter__
                raise Error(
    ...<2 lines>...
                )
playwright._impl._errors.Error: It looks like you are using Playwright Sync API inside the asyncio loop.
Please use the Async API instead.
2026-02-20 21:28:26,041 [whatsapp_watcher] INFO: Launching Playwright persistent context ...
2026-02-20 21:28:26,043 [whatsapp_watcher] INFO: Session path: D:\Hackathon-0\.whatsapp_session
2026-02-20 21:28:26,045 [whatsapp_watcher] ERROR: Error during check cycle
Traceback (most recent call last):
  File "D:\Hackathon-0\watchers\whatsapp_watcher.py", line 386, in run
    items = self.check()
  File "D:\Hackathon-0\watchers\whatsapp_watcher.py", line 287, in check
    self._ensure_browser()
    ~~~~~~~~~~~~~~~~~~~~^^
  File "D:\Hackathon-0\watchers\whatsapp_watcher.py", line 102, in _ensure_browser
    self._playwright = sync_playwright().start()
                       ~~~~~~~~~~~~~~~~~~~~~~~^^
  File "D:\Hackathon-0\.venv\Lib\site-packages\playwright\sync_api\_context_manager.py", line 84, in start
    return self.__enter__()
           ~~~~~~~~~~~~~~^^
  File "D:\Hackathon-0\.venv\Lib\site-packages\playwright\sync_api\_context_manager.py", line 47, in __enter__
                raise Error(
    ...<2 lines>...
                )
playwright._impl._errors.Error: It looks like you are using Playwright Sync API inside the asyncio loop.
Please use the Async API instead.
2026-02-20 21:28:56,182 [whatsapp_watcher] INFO: Launching Playwright persistent context ...
2026-02-20 21:28:56,262 [whatsapp_watcher] INFO: Session path: D:\Hackathon-0\.whatsapp_session
2026-02-20 21:28:56,267 [whatsapp_watcher] ERROR: Error during check cycle
Traceback (most recent call last):
  File "D:\Hackathon-0\watchers\whatsapp_watcher.py", line 386, in run
    items = self.check()
  File "D:\Hackathon-0\watchers\whatsapp_watcher.py", line 287, in check
    self._ensure_browser()
    ~~~~~~~~~~~~~~~~~~~~^^
  File "D:\Hackathon-0\watchers\whatsapp_watcher.py", line 102, in _ensure_browser
    self._playwright = sync_playwright().start()
                       ~~~~~~~~~~~~~~~~~~~~~~~^^
  File "D:\Hackathon-0\.venv\Lib\site-packages\playwright\sync_api\_context_manager.py", line 84, in start
    return self.__enter__()
           ~~~~~~~~~~~~~~^^
  File "D:\Hackathon-0\.venv\Lib\site-packages\playwright\sync_api\_context_manager.py", line 47, in __enter__
                raise Error(
    ...<2 lines>...
                )
playwright._impl._errors.Error: It looks like you are using Playwright Sync API inside the asyncio loop.
Please use the Async API instead.
2026-02-20 21:29:26,532 [whatsapp_watcher] INFO: Launching Playwright persistent context ...
2026-02-20 21:29:26,534 [whatsapp_watcher] INFO: Session path: D:\Hackathon-0\.whatsapp_session
2026-02-20 21:29:26,537 [whatsapp_watcher] ERROR: Error during check cycle
Traceback (most recent call last):
  File "D:\Hackathon-0\watchers\whatsapp_watcher.py", line 386, in run
    items = self.check()
  File "D:\Hackathon-0\watchers\whatsapp_watcher.py", line 287, in check
    self._ensure_browser()
    ~~~~~~~~~~~~~~~~~~~~^^
  File "D:\Hackathon-0\watchers\whatsapp_watcher.py", line 102, in _ensure_browser
    self._playwright = sync_playwright().start()
                       ~~~~~~~~~~~~~~~~~~~~~~~^^
  File "D:\Hackathon-0\.venv\Lib\site-packages\playwright\sync_api\_context_manager.py", line 84, in start
    return self.__enter__()
           ~~~~~~~~~~~~~~^^
  File "D:\Hackathon-0\.venv\Lib\site-packages\playwright\sync_api\_context_manager.py", line 47, in __enter__
                raise Error(
    ...<2 lines>...
                )
playwright._impl._errors.Error: It looks like you are using Playwright Sync API inside the asyncio loop.
Please use the Async API instead.
2026-02-20 21:29:57,667 [whatsapp_watcher] INFO: Launching Playwright persistent context ...
2026-02-20 21:29:57,669 [whatsapp_watcher] INFO: Session path: D:\Hackathon-0\.whatsapp_session
2026-02-20 21:29:57,673 [whatsapp_watcher] ERROR: Error during check cycle
Traceback (most recent call last):
  File "D:\Hackathon-0\watchers\whatsapp_watcher.py", line 386, in run
    items = self.check()
  File "D:\Hackathon-0\watchers\whatsapp_watcher.py", line 287, in check
    self._ensure_browser()
    ~~~~~~~~~~~~~~~~~~~~^^
  File "D:\Hackathon-0\watchers\whatsapp_watcher.py", line 102, in _ensure_browser
    self._playwright = sync_playwright().start()
                       ~~~~~~~~~~~~~~~~~~~~~~~^^
  File "D:\Hackathon-0\.venv\Lib\site-packages\playwright\sync_api\_context_manager.py", line 84, in start
    return self.__enter__()
           ~~~~~~~~~~~~~~^^
  File "D:\Hackathon-0\.venv\Lib\site-packages\playwright\sync_api\_context_manager.py", line 47, in __enter__
                raise Error(
    ...<2 lines>...
                )
playwright._impl._errors.Error: It looks like you are using Playwright Sync API inside the asyncio loop.
Please use the Async API instead.
2026-02-20 21:30:27,696 [whatsapp_watcher] INFO: Launching Playwright persistent context ...
2026-02-20 21:30:27,758 [whatsapp_watcher] INFO: Session path: D:\Hackathon-0\.whatsapp_session
2026-02-20 21:30:27,764 [whatsapp_watcher] ERROR: Error during check cycle
Traceback (most recent call last):
  File "D:\Hackathon-0\watchers\whatsapp_watcher.py", line 386, in run
    items = self.check()
  File "D:\Hackathon-0\watchers\whatsapp_watcher.py", line 287, in check
    self._ensure_browser()
    ~~~~~~~~~~~~~~~~~~~~^^
  File "D:\Hackathon-0\watchers\whatsapp_watcher.py", line 102, in _ensure_browser
    self._playwright = sync_playwright().start()
                       ~~~~~~~~~~~~~~~~~~~~~~~^^
  File "D:\Hackathon-0\.venv\Lib\site-packages\playwright\sync_api\_context_manager.py", line 84, in start
    return self.__enter__()
           ~~~~~~~~~~~~~~^^
  File "D:\Hackathon-0\.venv\Lib\site-packages\playwright\sync_api\_context_manager.py", line 47, in __enter__
                raise Error(
    ...<2 lines>...
                )
playwright._impl._errors.Error: It looks like you are using Playwright Sync API inside the asyncio loop.
Please use the Async API instead.
2026-02-20 21:30:58,188 [whatsapp_watcher] INFO: Launching Playwright persistent context ...
2026-02-20 21:30:58,241 [whatsapp_watcher] INFO: Session path: D:\Hackathon-0\.whatsapp_session
2026-02-20 21:30:58,291 [whatsapp_watcher] ERROR: Error during check cycle
Traceback (most recent call last):
  File "D:\Hackathon-0\watchers\whatsapp_watcher.py", line 386, in run
    items = self.check()
  File "D:\Hackathon-0\watchers\whatsapp_watcher.py", line 287, in check
    self._ensure_browser()
    ~~~~~~~~~~~~~~~~~~~~^^
  File "D:\Hackathon-0\watchers\whatsapp_watcher.py", line 102, in _ensure_browser
    self._playwright = sync_playwright().start()
                       ~~~~~~~~~~~~~~~~~~~~~~~^^
  File "D:\Hackathon-0\.venv\Lib\site-packages\playwright\sync_api\_context_manager.py", line 84, in start
    return self.__enter__()
           ~~~~~~~~~~~~~~^^
  File "D:\Hackathon-0\.venv\Lib\site-packages\playwright\sync_api\_context_manager.py", line 47, in __enter__
                raise Error(
    ...<2 lines>...
                )
playwright._impl._errors.Error: It looks like you are using Playwright Sync API inside the asyncio loop.
Please use the Async API instead.
2026-02-20 21:31:28,569 [whatsapp_watcher] INFO: Launching Playwright persistent context ...
2026-02-20 21:31:28,572 [whatsapp_watcher] INFO: Session path: D:\Hackathon-0\.whatsapp_session
2026-02-20 21:31:28,575 [whatsapp_watcher] ERROR: Error during check cycle
Traceback (most recent call last):
  File "D:\Hackathon-0\watchers\whatsapp_watcher.py", line 386, in run
    items = self.check()
  File "D:\Hackathon-0\watchers\whatsapp_watcher.py", line 287, in check
    self._ensure_browser()
    ~~~~~~~~~~~~~~~~~~~~^^
  File "D:\Hackathon-0\watchers\whatsapp_watcher.py", line 102, in _ensure_browser
    self._playwright = sync_playwright().start()
                       ~~~~~~~~~~~~~~~~~~~~~~~^^
  File "D:\Hackathon-0\.venv\Lib\site-packages\playwright\sync_api\_context_manager.py", line 84, in start
    return self.__enter__()
           ~~~~~~~~~~~~~~^^
  File "D:\Hackathon-0\.venv\Lib\site-packages\playwright\sync_api\_context_manager.py", line 47, in __enter__
                raise Error(
    ...<2 lines>...
                )
playwright._impl._errors.Error: It looks like you are using Playwright Sync API inside the asyncio loop.
Please use the Async API instead.
2026-02-20 21:31:58,933 [whatsapp_watcher] INFO: Launching Playwright persistent context ...
2026-02-20 21:31:58,939 [whatsapp_watcher] INFO: Session path: D:\Hackathon-0\.whatsapp_session
2026-02-20 21:31:58,941 [whatsapp_watcher] ERROR: Error during check cycle
Traceback (most recent call last):
  File "D:\Hackathon-0\watchers\whatsapp_watcher.py", line 386, in run
    items = self.check()
  File "D:\Hackathon-0\watchers\whatsapp_watcher.py", line 287, in check
    self._ensure_browser()
    ~~~~~~~~~~~~~~~~~~~~^^
  File "D:\Hackathon-0\watchers\whatsapp_watcher.py", line 102, in _ensure_browser
    self._playwright = sync_playwright().start()
                       ~~~~~~~~~~~~~~~~~~~~~~~^^
  File "D:\Hackathon-0\.venv\Lib\site-packages\playwright\sync_api\_context_manager.py", line 84, in start
    return self.__enter__()
           ~~~~~~~~~~~~~~^^
  File "D:\Hackathon-0\.venv\Lib\site-packages\playwright\sync_api\_context_manager.py", line 47, in __enter__
                raise Error(
    ...<2 lines>...
                )
playwright._impl._errors.Error: It looks like you are using Playwright Sync API inside the asyncio loop.
Please use the Async API instead.
2026-02-20 21:32:28,963 [whatsapp_watcher] INFO: Launching Playwright persistent context ...
2026-02-20 21:32:28,965 [whatsapp_watcher] INFO: Session path: D:\Hackathon-0\.whatsapp_session
2026-02-20 21:32:28,967 [whatsapp_watcher] ERROR: Error during check cycle
Traceback (most recent call last):
  File "D:\Hackathon-0\watchers\whatsapp_watcher.py", line 386, in run
    items = self.check()
  File "D:\Hackathon-0\watchers\whatsapp_watcher.py", line 287, in check
    self._ensure_browser()
    ~~~~~~~~~~~~~~~~~~~~^^
  File "D:\Hackathon-0\watchers\whatsapp_watcher.py", line 102, in _ensure_browser
    self._playwright = sync_playwright().start()
                       ~~~~~~~~~~~~~~~~~~~~~~~^^
  File "D:\Hackathon-0\.venv\Lib\site-packages\playwright\sync_api\_context_manager.py", line 84, in start
    return self.__enter__()
           ~~~~~~~~~~~~~~^^
  File "D:\Hackathon-0\.venv\Lib\site-packages\playwright\sync_api\_context_manager.py", line 47, in __enter__
                raise Error(
    ...<2 lines>...
                )
playwright._impl._errors.Error: It looks like you are using Playwright Sync API inside the asyncio loop.
Please use the Async API instead.
2026-02-20 21:32:59,190 [whatsapp_watcher] INFO: Launching Playwright persistent context ...
2026-02-20 21:32:59,195 [whatsapp_watcher] INFO: Session path: D:\Hackathon-0\.whatsapp_session
2026-02-20 21:32:59,197 [whatsapp_watcher] ERROR: Error during check cycle
Traceback (most recent call last):
  File "D:\Hackathon-0\watchers\whatsapp_watcher.py", line 386, in run
    items = self.check()
  File "D:\Hackathon-0\watchers\whatsapp_watcher.py", line 287, in check
    self._ensure_browser()
    ~~~~~~~~~~~~~~~~~~~~^^
  File "D:\Hackathon-0\watchers\whatsapp_watcher.py", line 102, in _ensure_browser
    self._playwright = sync_playwright().start()
                       ~~~~~~~~~~~~~~~~~~~~~~~^^
  File "D:\Hackathon-0\.venv\Lib\site-packages\playwright\sync_api\_context_manager.py", line 84, in start
    return self.__enter__()
           ~~~~~~~~~~~~~~^^
  File "D:\Hackathon-0\.venv\Lib\site-packages\playwright\sync_api\_context_manager.py", line 47, in __enter__
                raise Error(
    ...<2 lines>...
                )
playwright._impl._errors.Error: It looks like you are using Playwright Sync API inside the asyncio loop.
Please use the Async API instead.
2026-02-20 21:33:29,220 [whatsapp_watcher] INFO: Launching Playwright persistent context ...
2026-02-20 21:33:29,222 [whatsapp_watcher] INFO: Session path: D:\Hackathon-0\.whatsapp_session
2026-02-20 21:33:29,224 [whatsapp_watcher] ERROR: Error during check cycle
Traceback (most recent call last):
  File "D:\Hackathon-0\watchers\whatsapp_watcher.py", line 386, in run
    items = self.check()
  File "D:\Hackathon-0\watchers\whatsapp_watcher.py", line 287, in check
    self._ensure_browser()
    ~~~~~~~~~~~~~~~~~~~~^^
  File "D:\Hackathon-0\watchers\whatsapp_watcher.py", line 102, in _ensure_browser
    self._playwright = sync_playwright().start()
                       ~~~~~~~~~~~~~~~~~~~~~~~^^
  File "D:\Hackathon-0\.venv\Lib\site-packages\playwright\sync_api\_context_manager.py", line 84, in start
    return self.__enter__()
           ~~~~~~~~~~~~~~^^
  File "D:\Hackathon-0\.venv\Lib\site-packages\playwright\sync_api\_context_manager.py", line 47, in __enter__
                raise Error(
    ...<2 lines>...
                )
playwright._impl._errors.Error: It looks like you are using Playwright Sync API inside the asyncio loop.
Please use the Async API instead.
2026-02-20 21:33:59,346 [whatsapp_watcher] INFO: Launching Playwright persistent context ...
2026-02-20 21:33:59,353 [whatsapp_watcher] INFO: Session path: D:\Hackathon-0\.whatsapp_session
2026-02-20 21:33:59,355 [whatsapp_watcher] ERROR: Error during check cycle
Traceback (most recent call last):
  File "D:\Hackathon-0\watchers\whatsapp_watcher.py", line 386, in run
    items = self.check()
  File "D:\Hackathon-0\watchers\whatsapp_watcher.py", line 287, in check
    self._ensure_browser()
    ~~~~~~~~~~~~~~~~~~~~^^
  File "D:\Hackathon-0\watchers\whatsapp_watcher.py", line 102, in _ensure_browser
    self._playwright = sync_playwright().start()
                       ~~~~~~~~~~~~~~~~~~~~~~~^^
  File "D:\Hackathon-0\.venv\Lib\site-packages\playwright\sync_api\_context_manager.py", line 84, in start
    return self.__enter__()
           ~~~~~~~~~~~~~~^^
  File "D:\Hackathon-0\.venv\Lib\site-packages\playwright\sync_api\_context_manager.py", line 47, in __enter__
                raise Error(
    ...<2 lines>...
                )
playwright._impl._errors.Error: It looks like you are using Playwright Sync API inside the asyncio loop.
Please use the Async API instead.
2026-02-20 21:34:29,412 [whatsapp_watcher] INFO: Launching Playwright persistent context ...
2026-02-20 21:34:29,414 [whatsapp_watcher] INFO: Session path: D:\Hackathon-0\.whatsapp_session
2026-02-20 21:34:29,417 [whatsapp_watcher] ERROR: Error during check cycle
Traceback (most recent call last):
  File "D:\Hackathon-0\watchers\whatsapp_watcher.py", line 386, in run
    items = self.check()
  File "D:\Hackathon-0\watchers\whatsapp_watcher.py", line 287, in check
    self._ensure_browser()
    ~~~~~~~~~~~~~~~~~~~~^^
  File "D:\Hackathon-0\watchers\whatsapp_watcher.py", line 102, in _ensure_browser
    self._playwright = sync_playwright().start()
                       ~~~~~~~~~~~~~~~~~~~~~~~^^
  File "D:\Hackathon-0\.venv\Lib\site-packages\playwright\sync_api\_context_manager.py", line 84, in start
    return self.__enter__()
           ~~~~~~~~~~~~~~^^
  File "D:\Hackathon-0\.venv\Lib\site-packages\playwright\sync_api\_context_manager.py", line 47, in __enter__
                raise Error(
    ...<2 lines>...
                )
playwright._impl._errors.Error: It looks like you are using Playwright Sync API inside the asyncio loop.
Please use the Async API instead.
2026-02-20 21:34:59,523 [whatsapp_watcher] INFO: Launching Playwright persistent context ...
2026-02-20 21:34:59,544 [whatsapp_watcher] INFO: Session path: D:\Hackathon-0\.whatsapp_session
2026-02-20 21:34:59,583 [whatsapp_watcher] ERROR: Error during check cycle
Traceback (most recent call last):
  File "D:\Hackathon-0\watchers\whatsapp_watcher.py", line 386, in run
    items = self.check()
  File "D:\Hackathon-0\watchers\whatsapp_watcher.py", line 287, in check
    self._ensure_browser()
    ~~~~~~~~~~~~~~~~~~~~^^
  File "D:\Hackathon-0\watchers\whatsapp_watcher.py", line 102, in _ensure_browser
    self._playwright = sync_playwright().start()
                       ~~~~~~~~~~~~~~~~~~~~~~~^^
  File "D:\Hackathon-0\.venv\Lib\site-packages\playwright\sync_api\_context_manager.py", line 84, in start
    return self.__enter__()
           ~~~~~~~~~~~~~~^^
  File "D:\Hackathon-0\.venv\Lib\site-packages\playwright\sync_api\_context_manager.py", line 47, in __enter__
                raise Error(
    ...<2 lines>...
                )
playwright._impl._errors.Error: It looks like you are using Playwright Sync API inside the asyncio loop.
Please use the Async API instead.
2026-02-20 21:35:29,705 [whatsapp_watcher] INFO: Launching Playwright persistent context ...
2026-02-20 21:35:29,708 [whatsapp_watcher] INFO: Session path: D:\Hackathon-0\.whatsapp_session
2026-02-20 21:35:29,732 [whatsapp_watcher] ERROR: Error during check cycle
Traceback (most recent call last):
  File "D:\Hackathon-0\watchers\whatsapp_watcher.py", line 386, in run
    items = self.check()
  File "D:\Hackathon-0\watchers\whatsapp_watcher.py", line 287, in check
    self._ensure_browser()
    ~~~~~~~~~~~~~~~~~~~~^^
  File "D:\Hackathon-0\watchers\whatsapp_watcher.py", line 102, in _ensure_browser
    self._playwright = sync_playwright().start()
                       ~~~~~~~~~~~~~~~~~~~~~~~^^
  File "D:\Hackathon-0\.venv\Lib\site-packages\playwright\sync_api\_context_manager.py", line 84, in start
    return self.__enter__()
           ~~~~~~~~~~~~~~^^
  File "D:\Hackathon-0\.venv\Lib\site-packages\playwright\sync_api\_context_manager.py", line 47, in __enter__
                raise Error(
    ...<2 lines>...
                )
playwright._impl._errors.Error: It looks like you are using Playwright Sync API inside the asyncio loop.
Please use the Async API instead.
2026-02-20 21:35:59,940 [whatsapp_watcher] INFO: Launching Playwright persistent context ...
2026-02-20 21:35:59,945 [whatsapp_watcher] INFO: Session path: D:\Hackathon-0\.whatsapp_session
2026-02-20 21:35:59,947 [whatsapp_watcher] ERROR: Error during check cycle
Traceback (most recent call last):
  File "D:\Hackathon-0\watchers\whatsapp_watcher.py", line 386, in run
    items = self.check()
  File "D:\Hackathon-0\watchers\whatsapp_watcher.py", line 287, in check
    self._ensure_browser()
    ~~~~~~~~~~~~~~~~~~~~^^
  File "D:\Hackathon-0\watchers\whatsapp_watcher.py", line 102, in _ensure_browser
    self._playwright = sync_playwright().start()
                       ~~~~~~~~~~~~~~~~~~~~~~~^^
  File "D:\Hackathon-0\.venv\Lib\site-packages\playwright\sync_api\_context_manager.py", line 84, in start
    return self.__enter__()
           ~~~~~~~~~~~~~~^^
  File "D:\Hackathon-0\.venv\Lib\site-packages\playwright\sync_api\_context_manager.py", line 47, in __enter__
                raise Error(
    ...<2 lines>...
                )
playwright._impl._errors.Error: It looks like you are using Playwright Sync API inside the asyncio loop.
Please use the Async API instead.
2026-02-20 21:36:30,170 [whatsapp_watcher] INFO: Launching Playwright persistent context ...
2026-02-20 21:36:30,230 [whatsapp_watcher] INFO: Session path: D:\Hackathon-0\.whatsapp_session
2026-02-20 21:36:30,261 [whatsapp_watcher] ERROR: Error during check cycle
Traceback (most recent call last):
  File "D:\Hackathon-0\watchers\whatsapp_watcher.py", line 386, in run
    items = self.check()
  File "D:\Hackathon-0\watchers\whatsapp_watcher.py", line 287, in check
    self._ensure_browser()
    ~~~~~~~~~~~~~~~~~~~~^^
  File "D:\Hackathon-0\watchers\whatsapp_watcher.py", line 102, in _ensure_browser
    self._playwright = sync_playwright().start()
                       ~~~~~~~~~~~~~~~~~~~~~~~^^
  File "D:\Hackathon-0\.venv\Lib\site-packages\playwright\sync_api\_context_manager.py", line 84, in start
    return self.__enter__()
           ~~~~~~~~~~~~~~^^
  File "D:\Hackathon-0\.venv\Lib\site-packages\playwright\sync_api\_context_manager.py", line 47, in __enter__
                raise Error(
    ...<2 lines>...
                )
playwright._impl._errors.Error: It looks like you are using Playwright Sync API inside the asyncio loop.
Please use the Async API instead.
2026-02-20 21:37:00,403 [whatsapp_watcher] INFO: Launching Playwright persistent context ...
2026-02-20 21:37:00,406 [whatsapp_watcher] INFO: Session path: D:\Hackathon-0\.whatsapp_session
2026-02-20 21:37:00,483 [whatsapp_watcher] ERROR: Error during check cycle
Traceback (most recent call last):
  File "D:\Hackathon-0\watchers\whatsapp_watcher.py", line 386, in run
    items = self.check()
  File "D:\Hackathon-0\watchers\whatsapp_watcher.py", line 287, in check
    self._ensure_browser()
    ~~~~~~~~~~~~~~~~~~~~^^
  File "D:\Hackathon-0\watchers\whatsapp_watcher.py", line 102, in _ensure_browser
    self._playwright = sync_playwright().start()
                       ~~~~~~~~~~~~~~~~~~~~~~~^^
  File "D:\Hackathon-0\.venv\Lib\site-packages\playwright\sync_api\_context_manager.py", line 84, in start
    return self.__enter__()
           ~~~~~~~~~~~~~~^^
  File "D:\Hackathon-0\.venv\Lib\site-packages\playwright\sync_api\_context_manager.py", line 47, in __enter__
                raise Error(
    ...<2 lines>...
                )
playwright._impl._errors.Error: It looks like you are using Playwright Sync API inside the asyncio loop.
Please use the Async API instead.
2026-02-20 21:37:30,652 [whatsapp_watcher] INFO: Launching Playwright persistent context ...
2026-02-20 21:37:30,654 [whatsapp_watcher] INFO: Session path: D:\Hackathon-0\.whatsapp_session
2026-02-20 21:37:30,657 [whatsapp_watcher] ERROR: Error during check cycle
Traceback (most recent call last):
  File "D:\Hackathon-0\watchers\whatsapp_watcher.py", line 386, in run
    items = self.check()
  File "D:\Hackathon-0\watchers\whatsapp_watcher.py", line 287, in check
    self._ensure_browser()
    ~~~~~~~~~~~~~~~~~~~~^^
  File "D:\Hackathon-0\watchers\whatsapp_watcher.py", line 102, in _ensure_browser
    self._playwright = sync_playwright().start()
                       ~~~~~~~~~~~~~~~~~~~~~~~^^
  File "D:\Hackathon-0\.venv\Lib\site-packages\playwright\sync_api\_context_manager.py", line 84, in start
    return self.__enter__()
           ~~~~~~~~~~~~~~^^
  File "D:\Hackathon-0\.venv\Lib\site-packages\playwright\sync_api\_context_manager.py", line 47, in __enter__
                raise Error(
    ...<2 lines>...
                )
playwright._impl._errors.Error: It looks like you are using Playwright Sync API inside the asyncio loop.
Please use the Async API instead.
2026-02-20 21:38:00,754 [whatsapp_watcher] INFO: Launching Playwright persistent context ...
2026-02-20 21:38:00,777 [whatsapp_watcher] INFO: Session path: D:\Hackathon-0\.whatsapp_session
2026-02-20 21:38:00,780 [whatsapp_watcher] ERROR: Error during check cycle
Traceback (most recent call last):
  File "D:\Hackathon-0\watchers\whatsapp_watcher.py", line 386, in run
    items = self.check()
  File "D:\Hackathon-0\watchers\whatsapp_watcher.py", line 287, in check
    self._ensure_browser()
    ~~~~~~~~~~~~~~~~~~~~^^
  File "D:\Hackathon-0\watchers\whatsapp_watcher.py", line 102, in _ensure_browser
    self._playwright = sync_playwright().start()
                       ~~~~~~~~~~~~~~~~~~~~~~~^^
  File "D:\Hackathon-0\.venv\Lib\site-packages\playwright\sync_api\_context_manager.py", line 84, in start
    return self.__enter__()
           ~~~~~~~~~~~~~~^^
  File "D:\Hackathon-0\.venv\Lib\site-packages\playwright\sync_api\_context_manager.py", line 47, in __enter__
                raise Error(
    ...<2 lines>...
                )
playwright._impl._errors.Error: It looks like you are using Playwright Sync API inside the asyncio loop.
Please use the Async API instead.
2026-02-20 21:38:30,958 [whatsapp_watcher] INFO: Launching Playwright persistent context ...
2026-02-20 21:38:30,962 [whatsapp_watcher] INFO: Session path: D:\Hackathon-0\.whatsapp_session
2026-02-20 21:38:30,968 [whatsapp_watcher] ERROR: Error during check cycle
Traceback (most recent call last):
  File "D:\Hackathon-0\watchers\whatsapp_watcher.py", line 386, in run
    items = self.check()
  File "D:\Hackathon-0\watchers\whatsapp_watcher.py", line 287, in check
    self._ensure_browser()
    ~~~~~~~~~~~~~~~~~~~~^^
  File "D:\Hackathon-0\watchers\whatsapp_watcher.py", line 102, in _ensure_browser
    self._playwright = sync_playwright().start()
                       ~~~~~~~~~~~~~~~~~~~~~~~^^
  File "D:\Hackathon-0\.venv\Lib\site-packages\playwright\sync_api\_context_manager.py", line 84, in start
    return self.__enter__()
           ~~~~~~~~~~~~~~^^
  File "D:\Hackathon-0\.venv\Lib\site-packages\playwright\sync_api\_context_manager.py", line 47, in __enter__
                raise Error(
    ...<2 lines>...
                )
playwright._impl._errors.Error: It looks like you are using Playwright Sync API inside the asyncio loop.
Please use the Async API instead.
2026-02-20 21:39:01,106 [whatsapp_watcher] INFO: Launching Playwright persistent context ...
2026-02-20 21:39:01,113 [whatsapp_watcher] INFO: Session path: D:\Hackathon-0\.whatsapp_session
2026-02-20 21:39:01,117 [whatsapp_watcher] ERROR: Error during check cycle
Traceback (most recent call last):
  File "D:\Hackathon-0\watchers\whatsapp_watcher.py", line 386, in run
    items = self.check()
  File "D:\Hackathon-0\watchers\whatsapp_watcher.py", line 287, in check
    self._ensure_browser()
    ~~~~~~~~~~~~~~~~~~~~^^
  File "D:\Hackathon-0\watchers\whatsapp_watcher.py", line 102, in _ensure_browser
    self._playwright = sync_playwright().start()
                       ~~~~~~~~~~~~~~~~~~~~~~~^^
  File "D:\Hackathon-0\.venv\Lib\site-packages\playwright\sync_api\_context_manager.py", line 84, in start
    return self.__enter__()
           ~~~~~~~~~~~~~~^^
  File "D:\Hackathon-0\.venv\Lib\site-packages\playwright\sync_api\_context_manager.py", line 47, in __enter__
                raise Error(
    ...<2 lines>...
                )
playwright._impl._errors.Error: It looks like you are using Playwright Sync API inside the asyncio loop.
Please use the Async API instead.
2026-02-20 21:39:31,328 [whatsapp_watcher] INFO: Launching Playwright persistent context ...
2026-02-20 21:39:31,330 [whatsapp_watcher] INFO: Session path: D:\Hackathon-0\.whatsapp_session
2026-02-20 21:39:31,333 [whatsapp_watcher] ERROR: Error during check cycle
Traceback (most recent call last):
  File "D:\Hackathon-0\watchers\whatsapp_watcher.py", line 386, in run
    items = self.check()
  File "D:\Hackathon-0\watchers\whatsapp_watcher.py", line 287, in check
    self._ensure_browser()
    ~~~~~~~~~~~~~~~~~~~~^^
  File "D:\Hackathon-0\watchers\whatsapp_watcher.py", line 102, in _ensure_browser
    self._playwright = sync_playwright().start()
                       ~~~~~~~~~~~~~~~~~~~~~~~^^
  File "D:\Hackathon-0\.venv\Lib\site-packages\playwright\sync_api\_context_manager.py", line 84, in start
    return self.__enter__()
           ~~~~~~~~~~~~~~^^
  File "D:\Hackathon-0\.venv\Lib\site-packages\playwright\sync_api\_context_manager.py", line 47, in __enter__
                raise Error(
    ...<2 lines>...
                )
playwright._impl._errors.Error: It looks like you are using Playwright Sync API inside the asyncio loop.
Please use the Async API instead.
2026-02-20 21:40:01,470 [whatsapp_watcher] INFO: Launching Playwright persistent context ...
2026-02-20 21:40:01,475 [whatsapp_watcher] INFO: Session path: D:\Hackathon-0\.whatsapp_session
2026-02-20 21:40:01,490 [whatsapp_watcher] ERROR: Error during check cycle
Traceback (most recent call last):
  File "D:\Hackathon-0\watchers\whatsapp_watcher.py", line 386, in run
    items = self.check()
  File "D:\Hackathon-0\watchers\whatsapp_watcher.py", line 287, in check
    self._ensure_browser()
    ~~~~~~~~~~~~~~~~~~~~^^
  File "D:\Hackathon-0\watchers\whatsapp_watcher.py", line 102, in _ensure_browser
    self._playwright = sync_playwright().start()
                       ~~~~~~~~~~~~~~~~~~~~~~~^^
  File "D:\Hackathon-0\.venv\Lib\site-packages\playwright\sync_api\_context_manager.py", line 84, in start
    return self.__enter__()
           ~~~~~~~~~~~~~~^^
  File "D:\Hackathon-0\.venv\Lib\site-packages\playwright\sync_api\_context_manager.py", line 47, in __enter__
                raise Error(
    ...<2 lines>...
                )
playwright._impl._errors.Error: It looks like you are using Playwright Sync API inside the asyncio loop.
Please use the Async API instead.
2026-02-20 21:40:31,619 [whatsapp_watcher] INFO: Launching Playwright persistent context ...
2026-02-20 21:40:31,622 [whatsapp_watcher] INFO: Session path: D:\Hackathon-0\.whatsapp_session
2026-02-20 21:40:31,625 [whatsapp_watcher] ERROR: Error during check cycle
Traceback (most recent call last):
  File "D:\Hackathon-0\watchers\whatsapp_watcher.py", line 386, in run
    items = self.check()
  File "D:\Hackathon-0\watchers\whatsapp_watcher.py", line 287, in check
    self._ensure_browser()
    ~~~~~~~~~~~~~~~~~~~~^^
  File "D:\Hackathon-0\watchers\whatsapp_watcher.py", line 102, in _ensure_browser
    self._playwright = sync_playwright().start()
                       ~~~~~~~~~~~~~~~~~~~~~~~^^
  File "D:\Hackathon-0\.venv\Lib\site-packages\playwright\sync_api\_context_manager.py", line 84, in start
    return self.__enter__()
           ~~~~~~~~~~~~~~^^
  File "D:\Hackathon-0\.venv\Lib\site-packages\playwright\sync_api\_context_manager.py", line 47, in __enter__
                raise Error(
    ...<2 lines>...
                )
playwright._impl._errors.Error: It looks like you are using Playwright Sync API inside the asyncio loop.
Please use the Async API instead.
2026-02-20 21:41:01,715 [whatsapp_watcher] INFO: Launching Playwright persistent context ...
2026-02-20 21:41:01,716 [whatsapp_watcher] INFO: Session path: D:\Hackathon-0\.whatsapp_session
2026-02-20 21:41:01,719 [whatsapp_watcher] ERROR: Error during check cycle
Traceback (most recent call last):
  File "D:\Hackathon-0\watchers\whatsapp_watcher.py", line 386, in run
    items = self.check()
  File "D:\Hackathon-0\watchers\whatsapp_watcher.py", line 287, in check
    self._ensure_browser()
    ~~~~~~~~~~~~~~~~~~~~^^
  File "D:\Hackathon-0\watchers\whatsapp_watcher.py", line 102, in _ensure_browser
    self._playwright = sync_playwright().start()
                       ~~~~~~~~~~~~~~~~~~~~~~~^^
  File "D:\Hackathon-0\.venv\Lib\site-packages\playwright\sync_api\_context_manager.py", line 84, in start
    return self.__enter__()
           ~~~~~~~~~~~~~~^^
  File "D:\Hackathon-0\.venv\Lib\site-packages\playwright\sync_api\_context_manager.py", line 47, in __enter__
                raise Error(
    ...<2 lines>...
                )
playwright._impl._errors.Error: It looks like you are using Playwright Sync API inside the asyncio loop.
Please use the Async API instead.
2026-02-20 21:41:31,778 [whatsapp_watcher] INFO: Launching Playwright persistent context ...
2026-02-20 21:41:31,783 [whatsapp_watcher] INFO: Session path: D:\Hackathon-0\.whatsapp_session
2026-02-20 21:41:31,785 [whatsapp_watcher] ERROR: Error during check cycle
Traceback (most recent call last):
  File "D:\Hackathon-0\watchers\whatsapp_watcher.py", line 386, in run
    items = self.check()
  File "D:\Hackathon-0\watchers\whatsapp_watcher.py", line 287, in check
    self._ensure_browser()
    ~~~~~~~~~~~~~~~~~~~~^^
  File "D:\Hackathon-0\watchers\whatsapp_watcher.py", line 102, in _ensure_browser
    self._playwright = sync_playwright().start()
                       ~~~~~~~~~~~~~~~~~~~~~~~^^
  File "D:\Hackathon-0\.venv\Lib\site-packages\playwright\sync_api\_context_manager.py", line 84, in start
    return self.__enter__()
           ~~~~~~~~~~~~~~^^
  File "D:\Hackathon-0\.venv\Lib\site-packages\playwright\sync_api\_context_manager.py", line 47, in __enter__
                raise Error(
    ...<2 lines>...
                )
playwright._impl._errors.Error: It looks like you are using Playwright Sync API inside the asyncio loop.
Please use the Async API instead.
2026-02-20 21:42:02,215 [whatsapp_watcher] INFO: Launching Playwright persistent context ...
2026-02-20 21:42:02,326 [whatsapp_watcher] INFO: Session path: D:\Hackathon-0\.whatsapp_session
2026-02-20 21:42:02,334 [whatsapp_watcher] ERROR: Error during check cycle
Traceback (most recent call last):
  File "D:\Hackathon-0\watchers\whatsapp_watcher.py", line 386, in run
    items = self.check()
  File "D:\Hackathon-0\watchers\whatsapp_watcher.py", line 287, in check
    self._ensure_browser()
    ~~~~~~~~~~~~~~~~~~~~^^
  File "D:\Hackathon-0\watchers\whatsapp_watcher.py", line 102, in _ensure_browser
    self._playwright = sync_playwright().start()
                       ~~~~~~~~~~~~~~~~~~~~~~~^^
  File "D:\Hackathon-0\.venv\Lib\site-packages\playwright\sync_api\_context_manager.py", line 84, in start
    return self.__enter__()
           ~~~~~~~~~~~~~~^^
  File "D:\Hackathon-0\.venv\Lib\site-packages\playwright\sync_api\_context_manager.py", line 47, in __enter__
                raise Error(
    ...<2 lines>...
                )
playwright._impl._errors.Error: It looks like you are using Playwright Sync API inside the asyncio loop.
Please use the Async API instead.
2026-02-20 21:42:32,394 [whatsapp_watcher] INFO: Launching Playwright persistent context ...
2026-02-20 21:42:32,396 [whatsapp_watcher] INFO: Session path: D:\Hackathon-0\.whatsapp_session
2026-02-20 21:42:32,399 [whatsapp_watcher] ERROR: Error during check cycle
Traceback (most recent call last):
  File "D:\Hackathon-0\watchers\whatsapp_watcher.py", line 386, in run
    items = self.check()
  File "D:\Hackathon-0\watchers\whatsapp_watcher.py", line 287, in check
    self._ensure_browser()
    ~~~~~~~~~~~~~~~~~~~~^^
  File "D:\Hackathon-0\watchers\whatsapp_watcher.py", line 102, in _ensure_browser
    self._playwright = sync_playwright().start()
                       ~~~~~~~~~~~~~~~~~~~~~~~^^
  File "D:\Hackathon-0\.venv\Lib\site-packages\playwright\sync_api\_context_manager.py", line 84, in start
    return self.__enter__()
           ~~~~~~~~~~~~~~^^
  File "D:\Hackathon-0\.venv\Lib\site-packages\playwright\sync_api\_context_manager.py", line 47, in __enter__
                raise Error(
    ...<2 lines>...
                )
playwright._impl._errors.Error: It looks like you are using Playwright Sync API inside the asyncio loop.
Please use the Async API instead.
2026-02-20 21:43:02,582 [whatsapp_watcher] INFO: Launching Playwright persistent context ...
2026-02-20 21:43:02,591 [whatsapp_watcher] INFO: Session path: D:\Hackathon-0\.whatsapp_session
2026-02-20 21:43:02,657 [whatsapp_watcher] ERROR: Error during check cycle
Traceback (most recent call last):
  File "D:\Hackathon-0\watchers\whatsapp_watcher.py", line 386, in run
    items = self.check()
  File "D:\Hackathon-0\watchers\whatsapp_watcher.py", line 287, in check
    self._ensure_browser()
    ~~~~~~~~~~~~~~~~~~~~^^
  File "D:\Hackathon-0\watchers\whatsapp_watcher.py", line 102, in _ensure_browser
    self._playwright = sync_playwright().start()
                       ~~~~~~~~~~~~~~~~~~~~~~~^^
  File "D:\Hackathon-0\.venv\Lib\site-packages\playwright\sync_api\_context_manager.py", line 84, in start
    return self.__enter__()
           ~~~~~~~~~~~~~~^^
  File "D:\Hackathon-0\.venv\Lib\site-packages\playwright\sync_api\_context_manager.py", line 47, in __enter__
                raise Error(
    ...<2 lines>...
                )
playwright._impl._errors.Error: It looks like you are using Playwright Sync API inside the asyncio loop.
Please use the Async API instead.
2026-02-20 21:43:32,748 [whatsapp_watcher] INFO: Launching Playwright persistent context ...
2026-02-20 21:43:32,750 [whatsapp_watcher] INFO: Session path: D:\Hackathon-0\.whatsapp_session
2026-02-20 21:43:32,752 [whatsapp_watcher] ERROR: Error during check cycle
Traceback (most recent call last):
  File "D:\Hackathon-0\watchers\whatsapp_watcher.py", line 386, in run
    items = self.check()
  File "D:\Hackathon-0\watchers\whatsapp_watcher.py", line 287, in check
    self._ensure_browser()
    ~~~~~~~~~~~~~~~~~~~~^^
  File "D:\Hackathon-0\watchers\whatsapp_watcher.py", line 102, in _ensure_browser
    self._playwright = sync_playwright().start()
                       ~~~~~~~~~~~~~~~~~~~~~~~^^
  File "D:\Hackathon-0\.venv\Lib\site-packages\playwright\sync_api\_context_manager.py", line 84, in start
    return self.__enter__()
           ~~~~~~~~~~~~~~^^
  File "D:\Hackathon-0\.venv\Lib\site-packages\playwright\sync_api\_context_manager.py", line 47, in __enter__
                raise Error(
    ...<2 lines>...
                )
playwright._impl._errors.Error: It looks like you are using Playwright Sync API inside the asyncio loop.
Please use the Async API instead.
2026-02-20 21:43:59,774 [whatsapp_watcher] INFO: Starting WhatsApp watcher (poll every 30s, keywords: ['urgent', 'invoice', 'payment', 'pricing', 'help'])
2026-02-20 21:44:00,997 [whatsapp_watcher] INFO: Launching Playwright persistent context ...
2026-02-20 21:44:00,998 [whatsapp_watcher] INFO: Session path: D:\Hackathon-0\.whatsapp_session
2026-02-20 21:44:02,768 [whatsapp_watcher] INFO: Launching Playwright persistent context ...
2026-02-20 21:44:02,770 [whatsapp_watcher] INFO: Session path: D:\Hackathon-0\.whatsapp_session
2026-02-20 21:44:02,772 [whatsapp_watcher] ERROR: Error during check cycle
Traceback (most recent call last):
  File "D:\Hackathon-0\watchers\whatsapp_watcher.py", line 386, in run
    items = self.check()
  File "D:\Hackathon-0\watchers\whatsapp_watcher.py", line 287, in check
    self._ensure_browser()
    ~~~~~~~~~~~~~~~~~~~~^^
  File "D:\Hackathon-0\watchers\whatsapp_watcher.py", line 102, in _ensure_browser
    self._playwright = sync_playwright().start()
                       ~~~~~~~~~~~~~~~~~~~~~~~^^
  File "D:\Hackathon-0\.venv\Lib\site-packages\playwright\sync_api\_context_manager.py", line 84, in start
    return self.__enter__()
           ~~~~~~~~~~~~~~^^
  File "D:\Hackathon-0\.venv\Lib\site-packages\playwright\sync_api\_context_manager.py", line 47, in __enter__
                raise Error(
    ...<2 lines>...
                )
playwright._impl._errors.Error: It looks like you are using Playwright Sync API inside the asyncio loop.
Please use the Async API instead.
2026-02-20 21:44:25,913 [whatsapp_watcher] INFO: Navigated to WhatsApp Web.
2026-02-20 21:44:25,925 [whatsapp_watcher] INFO: If this is the first run, scan the QR code in the browser window.
2026-02-20 21:44:33,059 [whatsapp_watcher] INFO: Launching Playwright persistent context ...
2026-02-20 21:44:33,061 [whatsapp_watcher] INFO: Session path: D:\Hackathon-0\.whatsapp_session
2026-02-20 21:44:33,062 [whatsapp_watcher] ERROR: Error during check cycle
Traceback (most recent call last):
  File "D:\Hackathon-0\watchers\whatsapp_watcher.py", line 386, in run
    items = self.check()
  File "D:\Hackathon-0\watchers\whatsapp_watcher.py", line 287, in check
    self._ensure_browser()
    ~~~~~~~~~~~~~~~~~~~~^^
  File "D:\Hackathon-0\watchers\whatsapp_watcher.py", line 102, in _ensure_browser
    self._playwright = sync_playwright().start()
                       ~~~~~~~~~~~~~~~~~~~~~~~^^
  File "D:\Hackathon-0\.venv\Lib\site-packages\playwright\sync_api\_context_manager.py", line 84, in start
    return self.__enter__()
           ~~~~~~~~~~~~~~^^
  File "D:\Hackathon-0\.venv\Lib\site-packages\playwright\sync_api\_context_manager.py", line 47, in __enter__
                raise Error(
    ...<2 lines>...
                )
playwright._impl._errors.Error: It looks like you are using Playwright Sync API inside the asyncio loop.
Please use the Async API instead.
2026-02-20 21:45:03,080 [whatsapp_watcher] INFO: Launching Playwright persistent context ...
2026-02-20 21:45:03,081 [whatsapp_watcher] INFO: Session path: D:\Hackathon-0\.whatsapp_session
2026-02-20 21:45:03,084 [whatsapp_watcher] ERROR: Error during check cycle
Traceback (most recent call last):
  File "D:\Hackathon-0\watchers\whatsapp_watcher.py", line 386, in run
    items = self.check()
  File "D:\Hackathon-0\watchers\whatsapp_watcher.py", line 287, in check
    self._ensure_browser()
    ~~~~~~~~~~~~~~~~~~~~^^
  File "D:\Hackathon-0\watchers\whatsapp_watcher.py", line 102, in _ensure_browser
    self._playwright = sync_playwright().start()
                       ~~~~~~~~~~~~~~~~~~~~~~~^^
  File "D:\Hackathon-0\.venv\Lib\site-packages\playwright\sync_api\_context_manager.py", line 84, in start
    return self.__enter__()
           ~~~~~~~~~~~~~~^^
  File "D:\Hackathon-0\.venv\Lib\site-packages\playwright\sync_api\_context_manager.py", line 47, in __enter__
                raise Error(
    ...<2 lines>...
                )
playwright._impl._errors.Error: It looks like you are using Playwright Sync API inside the asyncio loop.
Please use the Async API instead.
2026-02-20 21:45:33,101 [whatsapp_watcher] INFO: Launching Playwright persistent context ...
2026-02-20 21:45:33,102 [whatsapp_watcher] INFO: Session path: D:\Hackathon-0\.whatsapp_session
2026-02-20 21:45:33,104 [whatsapp_watcher] ERROR: Error during check cycle
Traceback (most recent call last):
  File "D:\Hackathon-0\watchers\whatsapp_watcher.py", line 386, in run
    items = self.check()
  File "D:\Hackathon-0\watchers\whatsapp_watcher.py", line 287, in check
    self._ensure_browser()
    ~~~~~~~~~~~~~~~~~~~~^^
  File "D:\Hackathon-0\watchers\whatsapp_watcher.py", line 102, in _ensure_browser
    self._playwright = sync_playwright().start()
                       ~~~~~~~~~~~~~~~~~~~~~~~^^
  File "D:\Hackathon-0\.venv\Lib\site-packages\playwright\sync_api\_context_manager.py", line 84, in start
    return self.__enter__()
           ~~~~~~~~~~~~~~^^
  File "D:\Hackathon-0\.venv\Lib\site-packages\playwright\sync_api\_context_manager.py", line 47, in __enter__
                raise Error(
    ...<2 lines>...
                )
playwright._impl._errors.Error: It looks like you are using Playwright Sync API inside the asyncio loop.
Please use the Async API instead.
2026-02-20 21:46:03,120 [whatsapp_watcher] INFO: Launching Playwright persistent context ...
2026-02-20 21:46:03,122 [whatsapp_watcher] INFO: Session path: D:\Hackathon-0\.whatsapp_session
2026-02-20 21:46:03,124 [whatsapp_watcher] ERROR: Error during check cycle
Traceback (most recent call last):
  File "D:\Hackathon-0\watchers\whatsapp_watcher.py", line 386, in run
    items = self.check()
  File "D:\Hackathon-0\watchers\whatsapp_watcher.py", line 287, in check
    self._ensure_browser()
    ~~~~~~~~~~~~~~~~~~~~^^
  File "D:\Hackathon-0\watchers\whatsapp_watcher.py", line 102, in _ensure_browser
    self._playwright = sync_playwright().start()
                       ~~~~~~~~~~~~~~~~~~~~~~~^^
  File "D:\Hackathon-0\.venv\Lib\site-packages\playwright\sync_api\_context_manager.py", line 84, in start
    return self.__enter__()
           ~~~~~~~~~~~~~~^^
  File "D:\Hackathon-0\.venv\Lib\site-packages\playwright\sync_api\_context_manager.py", line 47, in __enter__
                raise Error(
    ...<2 lines>...
                )
playwright._impl._errors.Error: It looks like you are using Playwright Sync API inside the asyncio loop.
Please use the Async API instead.
2026-02-20 21:46:26,184 [whatsapp_watcher] WARNING: Chat list not detected within 120s. Continuing anyway — may need QR scan.
2026-02-20 21:46:26,186 [whatsapp_watcher] INFO: Scanning WhatsApp Web for unread chats ...
2026-02-20 21:46:26,255 [whatsapp_watcher] INFO: No unread chats found.
2026-02-20 21:46:33,164 [whatsapp_watcher] INFO: Launching Playwright persistent context ...
2026-02-20 21:46:33,165 [whatsapp_watcher] INFO: Session path: D:\Hackathon-0\.whatsapp_session
2026-02-20 21:46:33,167 [whatsapp_watcher] ERROR: Error during check cycle
Traceback (most recent call last):
  File "D:\Hackathon-0\watchers\whatsapp_watcher.py", line 386, in run
    items = self.check()
  File "D:\Hackathon-0\watchers\whatsapp_watcher.py", line 287, in check
    self._ensure_browser()
    ~~~~~~~~~~~~~~~~~~~~^^
  File "D:\Hackathon-0\watchers\whatsapp_watcher.py", line 102, in _ensure_browser
    self._playwright = sync_playwright().start()
                       ~~~~~~~~~~~~~~~~~~~~~~~^^
  File "D:\Hackathon-0\.venv\Lib\site-packages\playwright\sync_api\_context_manager.py", line 84, in start
    return self.__enter__()
           ~~~~~~~~~~~~~~^^
  File "D:\Hackathon-0\.venv\Lib\site-packages\playwright\sync_api\_context_manager.py", line 47, in __enter__
                raise Error(
    ...<2 lines>...
                )
playwright._impl._errors.Error: It looks like you are using Playwright Sync API inside the asyncio loop.
Please use the Async API instead.
2026-02-20 21:46:56,259 [whatsapp_watcher] INFO: Scanning WhatsApp Web for unread chats ...
2026-02-20 21:46:56,341 [whatsapp_watcher] INFO: No unread chats found.
2026-02-20 21:47:03,186 [whatsapp_watcher] INFO: Launching Playwright persistent context ...
2026-02-20 21:47:03,187 [whatsapp_watcher] INFO: Session path: D:\Hackathon-0\.whatsapp_session
2026-02-20 21:47:03,189 [whatsapp_watcher] ERROR: Error during check cycle
Traceback (most recent call last):
  File "D:\Hackathon-0\watchers\whatsapp_watcher.py", line 386, in run
    items = self.check()
  File "D:\Hackathon-0\watchers\whatsapp_watcher.py", line 287, in check
    self._ensure_browser()
    ~~~~~~~~~~~~~~~~~~~~^^
  File "D:\Hackathon-0\watchers\whatsapp_watcher.py", line 102, in _ensure_browser
    self._playwright = sync_playwright().start()
                       ~~~~~~~~~~~~~~~~~~~~~~~^^
  File "D:\Hackathon-0\.venv\Lib\site-packages\playwright\sync_api\_context_manager.py", line 84, in start
    return self.__enter__()
           ~~~~~~~~~~~~~~^^
  File "D:\Hackathon-0\.venv\Lib\site-packages\playwright\sync_api\_context_manager.py", line 47, in __enter__
                raise Error(
    ...<2 lines>...
                )
playwright._impl._errors.Error: It looks like you are using Playwright Sync API inside the asyncio loop.
Please use the Async API instead.
2026-02-20 21:47:26,343 [whatsapp_watcher] INFO: Scanning WhatsApp Web for unread chats ...
2026-02-20 21:47:26,407 [whatsapp_watcher] INFO: No unread chats found.
2026-02-20 21:47:33,202 [whatsapp_watcher] INFO: Launching Playwright persistent context ...
2026-02-20 21:47:33,204 [whatsapp_watcher] INFO: Session path: D:\Hackathon-0\.whatsapp_session
2026-02-20 21:47:33,205 [whatsapp_watcher] ERROR: Error during check cycle
Traceback (most recent call last):
  File "D:\Hackathon-0\watchers\whatsapp_watcher.py", line 386, in run
    items = self.check()
  File "D:\Hackathon-0\watchers\whatsapp_watcher.py", line 287, in check
    self._ensure_browser()
    ~~~~~~~~~~~~~~~~~~~~^^
  File "D:\Hackathon-0\watchers\whatsapp_watcher.py", line 102, in _ensure_browser
    self._playwright = sync_playwright().start()
                       ~~~~~~~~~~~~~~~~~~~~~~~^^
  File "D:\Hackathon-0\.venv\Lib\site-packages\playwright\sync_api\_context_manager.py", line 84, in start
    return self.__enter__()
           ~~~~~~~~~~~~~~^^
  File "D:\Hackathon-0\.venv\Lib\site-packages\playwright\sync_api\_context_manager.py", line 47, in __enter__
                raise Error(
    ...<2 lines>...
                )
playwright._impl._errors.Error: It looks like you are using Playwright Sync API inside the asyncio loop.
Please use the Async API instead.
2026-02-20 21:47:56,411 [whatsapp_watcher] INFO: Scanning WhatsApp Web for unread chats ...
2026-02-20 21:47:56,925 [whatsapp_watcher] INFO: No unread chats found.
2026-02-20 21:48:03,337 [whatsapp_watcher] INFO: Launching Playwright persistent context ...
2026-02-20 21:48:03,402 [whatsapp_watcher] INFO: Session path: D:\Hackathon-0\.whatsapp_session
2026-02-20 21:48:03,489 [whatsapp_watcher] ERROR: Error during check cycle
Traceback (most recent call last):
  File "D:\Hackathon-0\watchers\whatsapp_watcher.py", line 386, in run
    items = self.check()
  File "D:\Hackathon-0\watchers\whatsapp_watcher.py", line 287, in check
    self._ensure_browser()
    ~~~~~~~~~~~~~~~~~~~~^^
  File "D:\Hackathon-0\watchers\whatsapp_watcher.py", line 102, in _ensure_browser
    self._playwright = sync_playwright().start()
                       ~~~~~~~~~~~~~~~~~~~~~~~^^
  File "D:\Hackathon-0\.venv\Lib\site-packages\playwright\sync_api\_context_manager.py", line 84, in start
    return self.__enter__()
           ~~~~~~~~~~~~~~^^
  File "D:\Hackathon-0\.venv\Lib\site-packages\playwright\sync_api\_context_manager.py", line 47, in __enter__
                raise Error(
    ...<2 lines>...
                )
playwright._impl._errors.Error: It looks like you are using Playwright Sync API inside the asyncio loop.
Please use the Async API instead.
2026-02-20 21:48:26,929 [whatsapp_watcher] INFO: Scanning WhatsApp Web for unread chats ...
2026-02-20 21:48:27,448 [whatsapp_watcher] INFO: No unread chats found.
2026-02-20 21:48:33,568 [whatsapp_watcher] INFO: Launching Playwright persistent context ...
2026-02-20 21:48:33,579 [whatsapp_watcher] INFO: Session path: D:\Hackathon-0\.whatsapp_session
2026-02-20 21:48:33,594 [whatsapp_watcher] ERROR: Error during check cycle
Traceback (most recent call last):
  File "D:\Hackathon-0\watchers\whatsapp_watcher.py", line 386, in run
    items = self.check()
  File "D:\Hackathon-0\watchers\whatsapp_watcher.py", line 287, in check
    self._ensure_browser()
    ~~~~~~~~~~~~~~~~~~~~^^
  File "D:\Hackathon-0\watchers\whatsapp_watcher.py", line 102, in _ensure_browser
    self._playwright = sync_playwright().start()
                       ~~~~~~~~~~~~~~~~~~~~~~~^^
  File "D:\Hackathon-0\.venv\Lib\site-packages\playwright\sync_api\_context_manager.py", line 84, in start
    return self.__enter__()
           ~~~~~~~~~~~~~~^^
  File "D:\Hackathon-0\.venv\Lib\site-packages\playwright\sync_api\_context_manager.py", line 47, in __enter__
                raise Error(
    ...<2 lines>...
                )
playwright._impl._errors.Error: It looks like you are using Playwright Sync API inside the asyncio loop.
Please use the Async API instead.
2026-02-20 21:48:57,470 [whatsapp_watcher] INFO: Scanning WhatsApp Web for unread chats ...
2026-02-20 21:48:58,702 [whatsapp_watcher] INFO: No unread chats found.
2026-02-20 21:49:03,769 [whatsapp_watcher] INFO: Launching Playwright persistent context ...
2026-02-20 21:49:03,837 [whatsapp_watcher] INFO: Session path: D:\Hackathon-0\.whatsapp_session
2026-02-20 21:49:03,955 [whatsapp_watcher] ERROR: Error during check cycle
Traceback (most recent call last):
  File "D:\Hackathon-0\watchers\whatsapp_watcher.py", line 386, in run
    items = self.check()
  File "D:\Hackathon-0\watchers\whatsapp_watcher.py", line 287, in check
    self._ensure_browser()
    ~~~~~~~~~~~~~~~~~~~~^^
  File "D:\Hackathon-0\watchers\whatsapp_watcher.py", line 102, in _ensure_browser
    self._playwright = sync_playwright().start()
                       ~~~~~~~~~~~~~~~~~~~~~~~^^
  File "D:\Hackathon-0\.venv\Lib\site-packages\playwright\sync_api\_context_manager.py", line 84, in start
    return self.__enter__()
           ~~~~~~~~~~~~~~^^
  File "D:\Hackathon-0\.venv\Lib\site-packages\playwright\sync_api\_context_manager.py", line 47, in __enter__
                raise Error(
    ...<2 lines>...
                )
playwright._impl._errors.Error: It looks like you are using Playwright Sync API inside the asyncio loop.
Please use the Async API instead.
2026-02-20 21:49:29,253 [whatsapp_watcher] INFO: Scanning WhatsApp Web for unread chats ...
2026-02-20 21:49:30,828 [whatsapp_watcher] INFO: No unread chats found.
2026-02-20 21:49:34,523 [whatsapp_watcher] INFO: Launching Playwright persistent context ...
2026-02-20 21:49:34,546 [whatsapp_watcher] INFO: Session path: D:\Hackathon-0\.whatsapp_session
2026-02-20 21:49:34,552 [whatsapp_watcher] ERROR: Error during check cycle
Traceback (most recent call last):
  File "D:\Hackathon-0\watchers\whatsapp_watcher.py", line 386, in run
    items = self.check()
  File "D:\Hackathon-0\watchers\whatsapp_watcher.py", line 287, in check
    self._ensure_browser()
    ~~~~~~~~~~~~~~~~~~~~^^
  File "D:\Hackathon-0\watchers\whatsapp_watcher.py", line 102, in _ensure_browser
    self._playwright = sync_playwright().start()
                       ~~~~~~~~~~~~~~~~~~~~~~~^^
  File "D:\Hackathon-0\.venv\Lib\site-packages\playwright\sync_api\_context_manager.py", line 84, in start
    return self.__enter__()
           ~~~~~~~~~~~~~~^^
  File "D:\Hackathon-0\.venv\Lib\site-packages\playwright\sync_api\_context_manager.py", line 47, in __enter__
                raise Error(
    ...<2 lines>...
                )
playwright._impl._errors.Error: It looks like you are using Playwright Sync API inside the asyncio loop.
Please use the Async API instead.
2026-02-20 21:50:00,854 [whatsapp_watcher] INFO: Scanning WhatsApp Web for unread chats ...
2026-02-20 21:50:02,821 [whatsapp_watcher] INFO: No unread chats found.
2026-02-20 21:50:04,634 [whatsapp_watcher] INFO: Launching Playwright persistent context ...
2026-02-20 21:50:04,638 [whatsapp_watcher] INFO: Session path: D:\Hackathon-0\.whatsapp_session
2026-02-20 21:50:04,641 [whatsapp_watcher] ERROR: Error during check cycle
Traceback (most recent call last):
  File "D:\Hackathon-0\watchers\whatsapp_watcher.py", line 386, in run
    items = self.check()
  File "D:\Hackathon-0\watchers\whatsapp_watcher.py", line 287, in check
    self._ensure_browser()
    ~~~~~~~~~~~~~~~~~~~~^^
  File "D:\Hackathon-0\watchers\whatsapp_watcher.py", line 102, in _ensure_browser
    self._playwright = sync_playwright().start()
                       ~~~~~~~~~~~~~~~~~~~~~~~^^
  File "D:\Hackathon-0\.venv\Lib\site-packages\playwright\sync_api\_context_manager.py", line 84, in start
    return self.__enter__()
           ~~~~~~~~~~~~~~^^
  File "D:\Hackathon-0\.venv\Lib\site-packages\playwright\sync_api\_context_manager.py", line 47, in __enter__
                raise Error(
    ...<2 lines>...
                )
playwright._impl._errors.Error: It looks like you are using Playwright Sync API inside the asyncio loop.
Please use the Async API instead.
2026-02-20 21:50:32,823 [whatsapp_watcher] INFO: Scanning WhatsApp Web for unread chats ...
2026-02-20 21:50:33,683 [whatsapp_watcher] INFO: No unread chats found.
2026-02-20 21:50:34,719 [whatsapp_watcher] INFO: Launching Playwright persistent context ...
2026-02-20 21:50:34,720 [whatsapp_watcher] INFO: Session path: D:\Hackathon-0\.whatsapp_session
2026-02-20 21:50:34,722 [whatsapp_watcher] ERROR: Error during check cycle
Traceback (most recent call last):
  File "D:\Hackathon-0\watchers\whatsapp_watcher.py", line 386, in run
    items = self.check()
  File "D:\Hackathon-0\watchers\whatsapp_watcher.py", line 287, in check
    self._ensure_browser()
    ~~~~~~~~~~~~~~~~~~~~^^
  File "D:\Hackathon-0\watchers\whatsapp_watcher.py", line 102, in _ensure_browser
    self._playwright = sync_playwright().start()
                       ~~~~~~~~~~~~~~~~~~~~~~~^^
  File "D:\Hackathon-0\.venv\Lib\site-packages\playwright\sync_api\_context_manager.py", line 84, in start
    return self.__enter__()
           ~~~~~~~~~~~~~~^^
  File "D:\Hackathon-0\.venv\Lib\site-packages\playwright\sync_api\_context_manager.py", line 47, in __enter__
                raise Error(
    ...<2 lines>...
                )
playwright._impl._errors.Error: It looks like you are using Playwright Sync API inside the asyncio loop.
Please use the Async API instead.
2026-02-20 21:51:03,688 [whatsapp_watcher] INFO: Scanning WhatsApp Web for unread chats ...
2026-02-20 21:51:04,620 [whatsapp_watcher] INFO: No unread chats found.
2026-02-20 21:51:04,753 [whatsapp_watcher] INFO: Launching Playwright persistent context ...
2026-02-20 21:51:04,755 [whatsapp_watcher] INFO: Session path: D:\Hackathon-0\.whatsapp_session
2026-02-20 21:51:04,759 [whatsapp_watcher] ERROR: Error during check cycle
Traceback (most recent call last):
  File "D:\Hackathon-0\watchers\whatsapp_watcher.py", line 386, in run
    items = self.check()
  File "D:\Hackathon-0\watchers\whatsapp_watcher.py", line 287, in check
    self._ensure_browser()
    ~~~~~~~~~~~~~~~~~~~~^^
  File "D:\Hackathon-0\watchers\whatsapp_watcher.py", line 102, in _ensure_browser
    self._playwright = sync_playwright().start()
                       ~~~~~~~~~~~~~~~~~~~~~~~^^
  File "D:\Hackathon-0\.venv\Lib\site-packages\playwright\sync_api\_context_manager.py", line 84, in start
    return self.__enter__()
           ~~~~~~~~~~~~~~^^
  File "D:\Hackathon-0\.venv\Lib\site-packages\playwright\sync_api\_context_manager.py", line 47, in __enter__
                raise Error(
    ...<2 lines>...
                )
playwright._impl._errors.Error: It looks like you are using Playwright Sync API inside the asyncio loop.
Please use the Async API instead.
2026-02-20 21:51:34,622 [whatsapp_watcher] INFO: Scanning WhatsApp Web for unread chats ...
2026-02-20 21:51:35,338 [whatsapp_watcher] INFO: Launching Playwright persistent context ...
2026-02-20 21:51:35,565 [whatsapp_watcher] INFO: Session path: D:\Hackathon-0\.whatsapp_session
2026-02-20 21:51:35,583 [whatsapp_watcher] ERROR: Error during check cycle
Traceback (most recent call last):
  File "D:\Hackathon-0\watchers\whatsapp_watcher.py", line 386, in run
    items = self.check()
  File "D:\Hackathon-0\watchers\whatsapp_watcher.py", line 287, in check
    self._ensure_browser()
    ~~~~~~~~~~~~~~~~~~~~^^
  File "D:\Hackathon-0\watchers\whatsapp_watcher.py", line 102, in _ensure_browser
    self._playwright = sync_playwright().start()
                       ~~~~~~~~~~~~~~~~~~~~~~~^^
  File "D:\Hackathon-0\.venv\Lib\site-packages\playwright\sync_api\_context_manager.py", line 84, in start
    return self.__enter__()
           ~~~~~~~~~~~~~~^^
  File "D:\Hackathon-0\.venv\Lib\site-packages\playwright\sync_api\_context_manager.py", line 47, in __enter__
                raise Error(
    ...<2 lines>...
                )
playwright._impl._errors.Error: It looks like you are using Playwright Sync API inside the asyncio loop.
Please use the Async API instead.
2026-02-20 21:51:37,146 [whatsapp_watcher] INFO: No unread chats found.
2026-02-20 21:52:05,776 [whatsapp_watcher] INFO: Launching Playwright persistent context ...
2026-02-20 21:52:05,778 [whatsapp_watcher] INFO: Session path: D:\Hackathon-0\.whatsapp_session
2026-02-20 21:52:05,780 [whatsapp_watcher] ERROR: Error during check cycle
Traceback (most recent call last):
  File "D:\Hackathon-0\watchers\whatsapp_watcher.py", line 386, in run
    items = self.check()
  File "D:\Hackathon-0\watchers\whatsapp_watcher.py", line 287, in check
    self._ensure_browser()
    ~~~~~~~~~~~~~~~~~~~~^^
  File "D:\Hackathon-0\watchers\whatsapp_watcher.py", line 102, in _ensure_browser
    self._playwright = sync_playwright().start()
                       ~~~~~~~~~~~~~~~~~~~~~~~^^
  File "D:\Hackathon-0\.venv\Lib\site-packages\playwright\sync_api\_context_manager.py", line 84, in start
    return self.__enter__()
           ~~~~~~~~~~~~~~^^
  File "D:\Hackathon-0\.venv\Lib\site-packages\playwright\sync_api\_context_manager.py", line 47, in __enter__
                raise Error(
    ...<2 lines>...
                )
playwright._impl._errors.Error: It looks like you are using Playwright Sync API inside the asyncio loop.
Please use the Async API instead.
2026-02-20 21:52:07,148 [whatsapp_watcher] INFO: Scanning WhatsApp Web for unread chats ...
2026-02-20 21:52:08,281 [whatsapp_watcher] INFO: No unread chats found.
2026-02-20 21:52:35,897 [whatsapp_watcher] INFO: Launching Playwright persistent context ...
2026-02-20 21:52:36,043 [whatsapp_watcher] INFO: Session path: D:\Hackathon-0\.whatsapp_session
2026-02-20 21:52:36,176 [whatsapp_watcher] ERROR: Error during check cycle
Traceback (most recent call last):
  File "D:\Hackathon-0\watchers\whatsapp_watcher.py", line 386, in run
    items = self.check()
  File "D:\Hackathon-0\watchers\whatsapp_watcher.py", line 287, in check
    self._ensure_browser()
    ~~~~~~~~~~~~~~~~~~~~^^
  File "D:\Hackathon-0\watchers\whatsapp_watcher.py", line 102, in _ensure_browser
    self._playwright = sync_playwright().start()
                       ~~~~~~~~~~~~~~~~~~~~~~~^^
  File "D:\Hackathon-0\.venv\Lib\site-packages\playwright\sync_api\_context_manager.py", line 84, in start
    return self.__enter__()
           ~~~~~~~~~~~~~~^^
  File "D:\Hackathon-0\.venv\Lib\site-packages\playwright\sync_api\_context_manager.py", line 47, in __enter__
                raise Error(
    ...<2 lines>...
                )
playwright._impl._errors.Error: It looks like you are using Playwright Sync API inside the asyncio loop.
Please use the Async API instead.
2026-02-20 21:52:38,283 [whatsapp_watcher] INFO: Scanning WhatsApp Web for unread chats ...
2026-02-20 21:52:38,351 [whatsapp_watcher] ERROR: Error scanning unread chats
Traceback (most recent call last):
  File "D:\Hackathon-0\watchers\whatsapp_watcher.py", line 163, in _extract_unread_chats
    unread_spans = self._page.query_selector_all(
        'span[data-testid="icon-unread-count"], '
        'div[class*="unread"] span[aria-label]'
    )
  File "D:\Hackathon-0\.venv\Lib\site-packages\playwright\sync_api\_generated.py", line 8146, in query_selector_all
    self._sync(self._impl_obj.query_selector_all(selector=selector))
    ~~~~~~~~~~^^^^^^^^^^^^^^^^^^^^^^^^^^^^^^^^^^^^^^^^^^^^^^^^^^^^^^
  File "D:\Hackathon-0\.venv\Lib\site-packages\playwright\_impl\_sync_base.py", line 115, in _sync
    return task.result()
           ~~~~~~~~~~~^^
  File "D:\Hackathon-0\.venv\Lib\site-packages\playwright\_impl\_page.py", line 410, in query_selector_all
    return await self._main_frame.query_selector_all(selector)
           ^^^^^^^^^^^^^^^^^^^^^^^^^^^^^^^^^^^^^^^^^^^^^^^^^^^
  File "D:\Hackathon-0\.venv\Lib\site-packages\playwright\_impl\_frame.py", line 355, in query_selector_all
    await self._channel.send(
    ^^^^^^^^^^^^^^^^^^^^^^^^^
        "querySelectorAll", None, dict(selector=selector)
        ^^^^^^^^^^^^^^^^^^^^^^^^^^^^^^^^^^^^^^^^^^^^^^^^^
    ),
    ^
  File "D:\Hackathon-0\.venv\Lib\site-packages\playwright\_impl\_connection.py", line 69, in send
    return await self._connection.wrap_api_call(
           ^^^^^^^^^^^^^^^^^^^^^^^^^^^^^^^^^^^^^
    ...<3 lines>...
    )
    ^
  File "D:\Hackathon-0\.venv\Lib\site-packages\playwright\_impl\_connection.py", line 559, in wrap_api_call
    raise rewrite_error(error, f"{parsed_st['apiName']}: {error}") from None
playwright._impl._errors.TargetClosedError: Page.query_selector_all: Target page, context or browser has been closed
2026-02-20 21:52:38,429 [whatsapp_watcher] INFO: No unread chats found.
2026-02-20 21:53:06,371 [whatsapp_watcher] INFO: Launching Playwright persistent context ...
2026-02-20 21:53:06,372 [whatsapp_watcher] INFO: Session path: D:\Hackathon-0\.whatsapp_session
2026-02-20 21:53:06,376 [whatsapp_watcher] ERROR: Error during check cycle
Traceback (most recent call last):
  File "D:\Hackathon-0\watchers\whatsapp_watcher.py", line 386, in run
    items = self.check()
  File "D:\Hackathon-0\watchers\whatsapp_watcher.py", line 287, in check
    self._ensure_browser()
    ~~~~~~~~~~~~~~~~~~~~^^
  File "D:\Hackathon-0\watchers\whatsapp_watcher.py", line 102, in _ensure_browser
    self._playwright = sync_playwright().start()
                       ~~~~~~~~~~~~~~~~~~~~~~~^^
  File "D:\Hackathon-0\.venv\Lib\site-packages\playwright\sync_api\_context_manager.py", line 84, in start
    return self.__enter__()
           ~~~~~~~~~~~~~~^^
  File "D:\Hackathon-0\.venv\Lib\site-packages\playwright\sync_api\_context_manager.py", line 47, in __enter__
                raise Error(
    ...<2 lines>...
                )
playwright._impl._errors.Error: It looks like you are using Playwright Sync API inside the asyncio loop.
Please use the Async API instead.
2026-02-20 21:53:08,439 [whatsapp_watcher] INFO: Scanning WhatsApp Web for unread chats ...
2026-02-20 21:53:08,470 [whatsapp_watcher] ERROR: Error scanning unread chats
Traceback (most recent call last):
  File "D:\Hackathon-0\watchers\whatsapp_watcher.py", line 163, in _extract_unread_chats
    unread_spans = self._page.query_selector_all(
        'span[data-testid="icon-unread-count"], '
        'div[class*="unread"] span[aria-label]'
    )
  File "D:\Hackathon-0\.venv\Lib\site-packages\playwright\sync_api\_generated.py", line 8146, in query_selector_all
    self._sync(self._impl_obj.query_selector_all(selector=selector))
    ~~~~~~~~~~^^^^^^^^^^^^^^^^^^^^^^^^^^^^^^^^^^^^^^^^^^^^^^^^^^^^^^
  File "D:\Hackathon-0\.venv\Lib\site-packages\playwright\_impl\_sync_base.py", line 115, in _sync
    return task.result()
           ~~~~~~~~~~~^^
  File "D:\Hackathon-0\.venv\Lib\site-packages\playwright\_impl\_page.py", line 410, in query_selector_all
    return await self._main_frame.query_selector_all(selector)
           ^^^^^^^^^^^^^^^^^^^^^^^^^^^^^^^^^^^^^^^^^^^^^^^^^^^
  File "D:\Hackathon-0\.venv\Lib\site-packages\playwright\_impl\_frame.py", line 355, in query_selector_all
    await self._channel.send(
    ^^^^^^^^^^^^^^^^^^^^^^^^^
        "querySelectorAll", None, dict(selector=selector)
        ^^^^^^^^^^^^^^^^^^^^^^^^^^^^^^^^^^^^^^^^^^^^^^^^^
    ),
    ^
  File "D:\Hackathon-0\.venv\Lib\site-packages\playwright\_impl\_connection.py", line 69, in send
    return await self._connection.wrap_api_call(
           ^^^^^^^^^^^^^^^^^^^^^^^^^^^^^^^^^^^^^
    ...<3 lines>...
    )
    ^
  File "D:\Hackathon-0\.venv\Lib\site-packages\playwright\_impl\_connection.py", line 559, in wrap_api_call
    raise rewrite_error(error, f"{parsed_st['apiName']}: {error}") from None
playwright._impl._errors.TargetClosedError: Page.query_selector_all: Target page, context or browser has been closed
2026-02-20 21:53:08,502 [whatsapp_watcher] INFO: No unread chats found.
